{"contentLength":"26","level":"info","message":"HTTP GET /api/v1/ads/active?platform=WEB returned status 200","method":"GET","responseTimeMs":"49.569","status":"200","timestamp":"2026-07-01 00:41:45","traceId":"265a7a46-3a72-4e46-a6be-89b4f38c0e9f","url":"/api/v1/ads/active?platform=WEB"}
{"contentLength":"26","level":"info","message":"HTTP GET /api/v1/ads/active?platform=WEB returned status 200","method":"GET","responseTimeMs":"78.147","status":"200","timestamp":"2026-07-01 00:41:46","traceId":"36765a1e-f268-492b-8db9-db78c5621b56","url":"/api/v1/ads/active?platform=WEB"}
{"level":"info","message":"HTTP GET /api/v1/ads/active?platform=WEB returned status 304","method":"GET","responseTimeMs":"265.887","status":"304","timestamp":"2026-07-01 00:41:46","traceId":"82d94517-a7a0-4fa7-8b0e-130fa4744399","url":"/api/v1/ads/active?platform=WEB"}
{"level":"info","message":"HTTP GET /api/v1/ads/active?platform=WEB returned status 304","method":"GET","responseTimeMs":"311.353","status":"304","timestamp":"2026-07-01 00:41:46","traceId":"54656ac3-e73c-40a6-8a21-3a41cabf88d2","url":"/api/v1/ads/active?platform=WEB"}
{"level":"info","message":"HTTP GET /api/v1/ads/active?platform=WEB returned status 304","method":"GET","responseTimeMs":"787.924","status":"304","timestamp":"2026-07-01 00:41:47","traceId":"408f1220-8290-40f2-945c-fc31b8b5082c","url":"/api/v1/ads/active?platform=WEB"}
{"level":"info","message":"HTTP GET /api/v1/jobs?limit=6&status=open returned status 200","method":"GET","responseTimeMs":"1310.924","status":"200","timestamp":"2026-07-01 00:41:47","traceId":"fd7b1845-f517-4ce9-9b84-82fe5ed21c74","url":"/api/v1/jobs?limit=6&status=open"}
{"level":"info","message":"HTTP GET /api/v1/ads/active?platform=WEB returned status 304","method":"GET","responseTimeMs":"356.637","status":"304","timestamp":"2026-07-01 00:41:47","traceId":"ce524b41-1cd0-4c33-972e-763194d7a70d","url":"/api/v1/ads/active?platform=WEB"}
{"contentLength":"88","level":"info","message":"HTTP GET /api/v1/jobs/stats returned status 200","method":"GET","responseTimeMs":"1595.320","status":"200","timestamp":"2026-07-01 00:41:47","traceId":"78f1809a-5f98-4a7f-b710-05c723dc0a0d","url":"/api/v1/jobs/stats"}
{"level":"info","message":"HTTP GET /api/v1/ads/active?platform=WEB returned status 304","method":"GET","responseTimeMs":"45.488","status":"304","timestamp":"2026-07-01 00:41:47","traceId":"26b22340-7381-49f7-8b1e-51f7f07e8e14","url":"/api/v1/ads/active?platform=WEB"}
{"contentLength":"88","level":"info","message":"HTTP GET /api/v1/jobs/stats returned status 200","method":"GET","responseTimeMs":"1598.317","status":"200","timestamp":"2026-07-01 00:41:47","traceId":"daff126d-40dc-462a-9c94-8994530afd1d","url":"/api/v1/jobs/stats"}
{"level":"info","message":"HTTP GET /api/v1/ads/active?platform=WEB returned status 304","method":"GET","responseTimeMs":"54.759","status":"304","timestamp":"2026-07-01 00:41:47","traceId":"786787a0-4027-4521-a3e5-6063842c8245","url":"/api/v1/ads/active?platform=WEB"}
{"level":"info","message":"HTTP GET /api/v1/jobs?limit=6&status=open returned status 200","method":"GET","responseTimeMs":"1667.001","status":"200","timestamp":"2026-07-01 00:41:47","traceId":"a38262ce-bf12-4a5f-9ed5-b46d4f9bd4c4","url":"/api/v1/jobs?limit=6&status=open"}
{"level":"info","message":"HTTP GET /api/v1/jobs/stats returned status 304","method":"GET","responseTimeMs":"1121.568","status":"304","timestamp":"2026-07-01 00:41:48","traceId":"b5d1ae6d-b5fe-4324-910f-871617ff9f18","url":"/api/v1/jobs/stats"}
{"level":"info","message":"HTTP GET /api/v1/jobs?limit=6&status=open returned status 304","method":"GET","responseTimeMs":"1405.966","status":"304","timestamp":"2026-07-01 00:41:48","traceId":"c41fc905-ad96-4665-8614-93ff2f5456c0","url":"/api/v1/jobs?limit=6&status=open"}
{"level":"info","message":"HTTP GET /api/v1/jobs/stats returned status 304","method":"GET","responseTimeMs":"456.503","status":"304","timestamp":"2026-07-01 00:41:49","traceId":"6693a4dd-7726-4638-ac7f-5d0824c24835","url":"/api/v1/jobs/stats"}
{"level":"info","message":"HTTP GET /api/v1/jobs?limit=6&status=open returned status 304","method":"GET","responseTimeMs":"594.428","status":"304","timestamp":"2026-07-01 00:41:49","traceId":"b36aa5ac-3285-45c1-9548-9dbbb5a229d4","url":"/api/v1/jobs?limit=6&status=open"}
{"level":"info","message":"HTTP GET /api/v1/jobs?limit=6&status=open returned status 304","method":"GET","responseTimeMs":"3564.823","status":"304","timestamp":"2026-07-01 02:37:59","traceId":"7aa12763-f2cd-4b86-907b-e5db489dcb26","url":"/api/v1/jobs?limit=6&status=open"}
{"level":"info","message":"HTTP GET /api/v1/jobs/stats returned status 304","method":"GET","responseTimeMs":"3612.534","status":"304","timestamp":"2026-07-01 02:37:59","traceId":"2fb7cc32-db79-41cb-af57-536d6d0d3f57","url":"/api/v1/jobs/stats"}
{"level":"info","message":"HTTP GET /api/v1/jobs/stats returned status 304","method":"GET","responseTimeMs":"3618.742","status":"304","timestamp":"2026-07-01 02:37:59","traceId":"5f0acc2a-5753-4c81-a854-da5f8d822976","url":"/api/v1/jobs/stats"}
{"level":"info","message":"HTTP GET /api/v1/jobs/stats returned status 304","method":"GET","responseTimeMs":"246.308","status":"304","timestamp":"2026-07-01 02:37:59","traceId":"4cb149cd-6800-4cea-8328-7d0b7d31ffd5","url":"/api/v1/jobs/stats"}
{"level":"info","message":"HTTP GET /api/v1/jobs?limit=6&status=open returned status 304","method":"GET","responseTimeMs":"3872.515","status":"304","timestamp":"2026-07-01 02:37:59","traceId":"124a0506-6068-47b9-a5de-0e5b651ae48f","url":"/api/v1/jobs?limit=6&status=open"}
{"level":"info","message":"HTTP GET /api/v1/jobs/stats returned status 304","method":"GET","responseTimeMs":"392.675","status":"304","timestamp":"2026-07-01 02:38:00","traceId":"111d3f7b-cdc1-4b94-b895-d49b4959a934","url":"/api/v1/jobs/stats"}
{"level":"info","message":"HTTP GET /api/v1/jobs?limit=6&status=open returned status 304","method":"GET","responseTimeMs":"559.694","status":"304","timestamp":"2026-07-01 02:38:00","traceId":"8436ebc2-319a-469b-8826-97372226e873","url":"/api/v1/jobs?limit=6&status=open"}
{"level":"info","message":"HTTP GET /api/v1/jobs?limit=6&status=open returned status 304","method":"GET","responseTimeMs":"448.415","status":"304","timestamp":"2026-07-01 02:38:00","traceId":"30f5591a-a551-48a3-b9d1-3eb5a17f9536","url":"/api/v1/jobs?limit=6&status=open"}
{"level":"info","message":"HTTP GET /api/v1/ads/active?platform=WEB returned status 304","method":"GET","responseTimeMs":"60.886","status":"304","timestamp":"2026-07-01 02:45:32","traceId":"0b1ca283-3329-45b2-8a6e-d851c49d2fed","url":"/api/v1/ads/active?platform=WEB"}
{"level":"info","message":"HTTP GET /api/v1/ads/active?platform=WEB returned status 304","method":"GET","responseTimeMs":"63.527","status":"304","timestamp":"2026-07-01 02:45:32","traceId":"0e5e98eb-865f-4253-96b9-5da50efc39bc","url":"/api/v1/ads/active?platform=WEB"}
{"level":"info","message":"HTTP GET /api/v1/ads/active?platform=WEB returned status 304","method":"GET","responseTimeMs":"46.398","status":"304","timestamp":"2026-07-01 02:45:32","traceId":"4c28a926-e626-4a0b-a032-4eeae497b48d","url":"/api/v1/ads/active?platform=WEB"}
{"level":"info","message":"HTTP GET /api/v1/ads/active?platform=WEB returned status 304","method":"GET","responseTimeMs":"46.620","status":"304","timestamp":"2026-07-01 02:45:32","traceId":"83feccaf-4e76-47be-b390-1cd88b82f901","url":"/api/v1/ads/active?platform=WEB"}
{"level":"info","message":"HTTP GET /api/v1/jobs?limit=6&status=open returned status 304","method":"GET","responseTimeMs":"388.441","status":"304","timestamp":"2026-07-01 02:45:32","traceId":"5f4b051c-9af0-4715-a927-f14dff68c326","url":"/api/v1/jobs?limit=6&status=open"}
{"level":"info","message":"HTTP GET /api/v1/ads/active?platform=WEB returned status 304","method":"GET","responseTimeMs":"289.626","status":"304","timestamp":"2026-07-01 02:45:32","traceId":"c3f9b2f4-3005-45f3-b0fc-89cecc7ffbeb","url":"/api/v1/ads/active?platform=WEB"}
{"level":"info","message":"HTTP GET /api/v1/jobs/stats returned status 304","method":"GET","responseTimeMs":"423.002","status":"304","timestamp":"2026-07-01 02:45:32","traceId":"1c30ef4d-b81a-4707-a59f-425bc9e6a4c6","url":"/api/v1/jobs/stats"}
{"level":"info","message":"HTTP GET /api/v1/jobs/stats returned status 304","method":"GET","responseTimeMs":"413.082","status":"304","timestamp":"2026-07-01 02:45:32","traceId":"ee95949c-8d53-419f-b959-45592226f4bf","url":"/api/v1/jobs/stats"}
{"level":"info","message":"HTTP GET /api/v1/ads/active?platform=WEB returned status 304","method":"GET","responseTimeMs":"45.001","status":"304","timestamp":"2026-07-01 02:45:32","traceId":"d668e0f1-3479-4a6c-b589-ef6eb18c1ed5","url":"/api/v1/ads/active?platform=WEB"}
{"level":"info","message":"HTTP GET /api/v1/jobs?limit=6&status=open returned status 304","method":"GET","responseTimeMs":"492.673","status":"304","timestamp":"2026-07-01 02:45:32","traceId":"d959c257-2032-4de2-896d-4bd865900482","url":"/api/v1/jobs?limit=6&status=open"}
{"level":"info","message":"HTTP GET /api/v1/ads/active?platform=WEB returned status 304","method":"GET","responseTimeMs":"594.118","status":"304","timestamp":"2026-07-01 02:45:33","traceId":"99ccbfbd-a8de-47a6-8c1b-58f236e3e6bb","url":"/api/v1/ads/active?platform=WEB"}
{"level":"info","message":"HTTP GET /api/v1/ads/active?platform=WEB returned status 304","method":"GET","responseTimeMs":"140.077","status":"304","timestamp":"2026-07-01 02:45:33","traceId":"6d4a9aba-6319-4c67-aa00-830bb637b4d8","url":"/api/v1/ads/active?platform=WEB"}
{"level":"info","message":"HTTP GET /api/v1/jobs/stats returned status 304","method":"GET","responseTimeMs":"830.671","status":"304","timestamp":"2026-07-01 02:45:33","traceId":"35120306-b29e-4ba4-accc-9dbe02b25a3d","url":"/api/v1/jobs/stats"}
{"level":"info","message":"HTTP GET /api/v1/jobs?limit=6&status=open returned status 304","method":"GET","responseTimeMs":"847.776","status":"304","timestamp":"2026-07-01 02:45:33","traceId":"a58d84b6-9531-41b1-89e8-2c5bccbda108","url":"/api/v1/jobs?limit=6&status=open"}
{"level":"info","message":"HTTP GET /api/v1/jobs/stats returned status 304","method":"GET","responseTimeMs":"291.414","status":"304","timestamp":"2026-07-01 02:45:33","traceId":"ff3b4af3-8334-499e-bf8b-08bdbb465598","url":"/api/v1/jobs/stats"}
{"level":"info","message":"HTTP GET /api/v1/jobs?limit=6&status=open returned status 304","method":"GET","responseTimeMs":"431.052","status":"304","timestamp":"2026-07-01 02:45:33","traceId":"d959b01c-af81-48a7-bb47-eb0dff633058","url":"/api/v1/jobs?limit=6&status=open"}
{"contentLength":"53","level":"info","message":"HTTP GET /api/v1/health returned status 200","method":"GET","responseTimeMs":"1.352","status":"200","timestamp":"2026-07-01 04:57:52","traceId":"39c25f88-9adc-4e26-827b-11447baa7cd5","url":"/api/v1/health"}
{"contentLength":"67","level":"info","message":"HTTP POST /api/v1/auth/register returned status 200","method":"POST","responseTimeMs":"5407.446","status":"200","timestamp":"2026-07-01 04:57:57","traceId":"c45758b1-9e51-41af-b54b-5029738ade1f","url":"/api/v1/auth/register"}
{"contentLength":"69","level":"info","message":"HTTP POST /api/v1/auth/verify-registration returned status 200","method":"POST","responseTimeMs":"3455.981","status":"200","timestamp":"2026-07-01 04:58:01","traceId":"945e5c0f-1d60-479d-9b7e-940339816d13","url":"/api/v1/auth/verify-registration"}
{"level":"info","message":"HTTP POST /api/v1/auth/verify-mobile returned status 201","method":"POST","responseTimeMs":"430.908","status":"201","timestamp":"2026-07-01 04:58:01","traceId":"517d47a5-5e9b-494d-a406-aacde6066ebb","url":"/api/v1/auth/verify-mobile"}
{"contentLength":"67","level":"info","message":"HTTP POST /api/v1/auth/register returned status 200","method":"POST","responseTimeMs":"6298.000","status":"200","timestamp":"2026-07-01 04:58:07","traceId":"7c8e81b3-0318-4973-8b7b-0cdf5850c304","url":"/api/v1/auth/register"}
{"contentLength":"69","level":"info","message":"HTTP POST /api/v1/auth/verify-registration returned status 200","method":"POST","responseTimeMs":"1010.066","status":"200","timestamp":"2026-07-01 04:58:08","traceId":"ed31c34e-fc16-44ef-b3ed-72bc887d8195","url":"/api/v1/auth/verify-registration"}
{"level":"info","message":"HTTP POST /api/v1/auth/verify-mobile returned status 201","method":"POST","responseTimeMs":"433.329","status":"201","timestamp":"2026-07-01 04:58:09","traceId":"ab4a45e3-b0ec-48a9-a30c-2d3b055419ad","url":"/api/v1/auth/verify-mobile"}
{"level":"info","message":"HTTP POST /api/v1/auth/login returned status 200","method":"POST","responseTimeMs":"2954.126","status":"200","timestamp":"2026-07-01 04:58:12","traceId":"1129948a-e320-4276-b4b3-9b9533b396ee","url":"/api/v1/auth/login"}
{"level":"info","message":"HTTP GET /api/v1/auth/me returned status 200","method":"GET","responseTimeMs":"272.143","status":"200","timestamp":"2026-07-01 04:58:12","traceId":"143bb066-226e-4831-bdfa-334625639c6b","url":"/api/v1/auth/me"}
{"level":"info","message":"HTTP GET /api/v1/profile/me returned status 200","method":"GET","responseTimeMs":"268.485","status":"200","timestamp":"2026-07-01 04:58:12","traceId":"723b9078-5906-4137-a082-4c740b47bf50","url":"/api/v1/profile/me"}
{"contentLength":"67","level":"info","message":"HTTP POST /api/v1/kyc/aadhaar/submit returned status 200","method":"POST","responseTimeMs":"320.890","status":"200","timestamp":"2026-07-01 04:58:13","traceId":"6f08b862-6a24-4d0c-b74b-94a088b529e8","url":"/api/v1/kyc/aadhaar/submit"}
{"contentLength":"63","level":"info","message":"HTTP POST /api/v1/kyc/pan/submit returned status 200","method":"POST","responseTimeMs":"275.264","status":"200","timestamp":"2026-07-01 04:58:13","traceId":"0e8031e4-2aa1-4f63-91fc-ce2b758ddf84","url":"/api/v1/kyc/pan/submit"}
{"contentLength":"733","level":"info","message":"HTTP POST /api/v1/jobs returned status 201","method":"POST","responseTimeMs":"235.145","status":"201","timestamp":"2026-07-01 04:58:13","traceId":"f258f079-2f0d-46af-88f2-34d063414517","url":"/api/v1/jobs"}
{"level":"info","message":"HTTP GET /api/v1/jobs returned status 200","method":"GET","responseTimeMs":"92.585","status":"200","timestamp":"2026-07-01 04:58:13","traceId":"4d5ba116-583d-47de-968e-eed3a3bed29d","url":"/api/v1/jobs"}
{"contentLength":"745","level":"info","message":"HTTP GET /api/v1/jobs/my-jobs returned status 200","method":"GET","responseTimeMs":"87.372","status":"200","timestamp":"2026-07-01 04:58:13","traceId":"1780c714-fd1d-4cf6-a86e-3a63edf7e555","url":"/api/v1/jobs/my-jobs"}
{"contentLength":"901","level":"info","message":"HTTP GET /api/v1/dashboard/client returned status 200","method":"GET","responseTimeMs":"397.381","status":"200","timestamp":"2026-07-01 04:58:14","traceId":"5e826163-dd2f-4834-b80d-26a7861557eb","url":"/api/v1/dashboard/client"}
{"contentLength":"176","level":"info","message":"HTTP GET /api/v1/dashboard/freelancer returned status 200","method":"GET","responseTimeMs":"286.978","status":"200","timestamp":"2026-07-01 04:58:14","traceId":"c49e847f-b054-48cb-9e64-f18485b8a516","url":"/api/v1/dashboard/freelancer"}
{"contentLength":"67","level":"info","message":"HTTP POST /api/v1/kyc/aadhaar/submit returned status 200","method":"POST","responseTimeMs":"695.572","status":"200","timestamp":"2026-07-01 04:58:15","traceId":"ec53d884-b151-427a-9bde-b82731aa03ab","url":"/api/v1/kyc/aadhaar/submit"}
{"contentLength":"63","level":"info","message":"HTTP POST /api/v1/kyc/pan/submit returned status 200","method":"POST","responseTimeMs":"354.662","status":"200","timestamp":"2026-07-01 04:58:15","traceId":"7d4cd3e7-224a-45a9-b306-2fda639460d5","url":"/api/v1/kyc/pan/submit"}
{"contentLength":"318","level":"info","message":"HTTP POST /api/v1/proposals/6a44510df707f3287f3cc28f returned status 201","method":"POST","responseTimeMs":"430.633","status":"201","timestamp":"2026-07-01 04:58:15","traceId":"db01ed97-4b0e-43bd-a352-fe8c3e60f845","url":"/api/v1/proposals/6a44510df707f3287f3cc28f"}
{"level":"info","message":"HTTP GET /api/v1/auth/me returned status 200","method":"GET","responseTimeMs":"244.259","status":"200","timestamp":"2026-07-01 04:58:16","traceId":"7575b713-c028-4c2a-9278-85729234f735","url":"/api/v1/auth/me"}
{"contentLength":"571","level":"info","message":"HTTP POST /api/v1/messages returned status 201","method":"POST","responseTimeMs":"405.044","status":"201","timestamp":"2026-07-01 04:58:16","traceId":"360f7447-8c1e-4aea-ad45-21fc738ff42d","url":"/api/v1/messages"}
{"contentLength":"44","level":"info","message":"HTTP PUT /api/v1/profile/update returned status 200","method":"PUT","responseTimeMs":"148.048","status":"200","timestamp":"2026-07-01 04:58:16","traceId":"082b4dfe-9b25-4d37-b0c8-3aa0da2c040a","url":"/api/v1/profile/update"}
{"level":"info","message":"HTTP GET /api/v1/profile/me returned status 200","method":"GET","responseTimeMs":"245.254","status":"200","timestamp":"2026-07-01 04:58:16","traceId":"00b9d267-781d-4323-9472-98e6fac82c1f","url":"/api/v1/profile/me"}
{"level":"info","message":"HTTP POST /api/v1/jobs/smart-match returned status 200","method":"POST","responseTimeMs":"100.569","status":"200","timestamp":"2026-07-01 04:58:17","traceId":"2c336793-0686-4e7b-88e7-c868d91b29c4","url":"/api/v1/jobs/smart-match"}
{"contentLength":"36","level":"info","message":"HTTP POST /api/v1/jobs/smart-match returned status 200","method":"POST","responseTimeMs":"97.260","status":"200","timestamp":"2026-07-01 04:58:17","traceId":"8f7e3ee6-92f0-4e18-ac38-9688e1ef781f","url":"/api/v1/jobs/smart-match"}
{"contentLength":"745","level":"info","message":"HTTP POST /api/v1/jobs returned status 201","method":"POST","responseTimeMs":"212.566","status":"201","timestamp":"2026-07-01 04:58:17","traceId":"ea86abcb-5302-43a4-9313-a7f468debbf5","url":"/api/v1/jobs"}
{"level":"info","message":"HTTP GET /api/v1/notifications returned status 200","method":"GET","responseTimeMs":"633.958","status":"200","timestamp":"2026-07-01 04:58:19","traceId":"1f82ea25-4fde-4f94-ac9c-22e36c4cc05b","url":"/api/v1/notifications"}
{"contentLength":"124","level":"info","message":"HTTP GET /api/v1/health/test-phase3?jobId=6a445111f707f3287f3cc297 returned status 200","method":"GET","responseTimeMs":"150.047","status":"200","timestamp":"2026-07-01 04:58:19","traceId":"2afe6b07-ed69-49bc-b434-973a52ee0cdb","url":"/api/v1/health/test-phase3?jobId=6a445111f707f3287f3cc297"}
{"level":"info","message":"HTTP GET /api/v1/health/test-phase4 returned status 500","method":"GET","responseTimeMs":"1716.787","status":"500","timestamp":"2026-07-01 04:58:20","traceId":"880f5135-7a36-4341-880d-53bef3d98333","url":"/api/v1/health/test-phase4"}
{"contentLength":"169","level":"info","message":"HTTP GET /api/v1/health/test-phase5 returned status 200","method":"GET","responseTimeMs":"563.380","status":"200","timestamp":"2026-07-01 04:58:21","traceId":"f532cba2-f99a-4393-8856-7163d225053a","url":"/api/v1/health/test-phase5"}
{"contentLength":"180","level":"info","message":"HTTP GET /api/v1/health/test-phase4 returned status 200","method":"GET","responseTimeMs":"2097.988","status":"200","timestamp":"2026-07-01 05:00:15","traceId":"037955f3-9374-4f42-8654-c1102da1ec35","url":"/api/v1/health/test-phase4"}
{"contentLength":"53","level":"info","message":"HTTP GET /api/v1/health returned status 200","method":"GET","responseTimeMs":"1.409","status":"200","timestamp":"2026-07-01 05:02:37","traceId":"41b0e179-a62a-472e-80cc-ae405ff12504","url":"/api/v1/health"}
{"contentLength":"67","level":"info","message":"HTTP POST /api/v1/auth/register returned status 200","method":"POST","responseTimeMs":"5241.415","status":"200","timestamp":"2026-07-01 05:02:42","traceId":"33b35ee1-e1d8-4b2f-be5e-c16d5400225c","url":"/api/v1/auth/register"}
{"contentLength":"69","level":"info","message":"HTTP POST /api/v1/auth/verify-registration returned status 200","method":"POST","responseTimeMs":"4435.692","status":"200","timestamp":"2026-07-01 05:02:47","traceId":"885aa37a-6812-4eaa-a4ec-0e8355238eb8","url":"/api/v1/auth/verify-registration"}
{"level":"info","message":"HTTP POST /api/v1/auth/verify-mobile returned status 201","method":"POST","responseTimeMs":"417.541","status":"201","timestamp":"2026-07-01 05:02:47","traceId":"d029c605-fcbd-4b4a-8f08-f45e81cb2505","url":"/api/v1/auth/verify-mobile"}
{"contentLength":"67","level":"info","message":"HTTP POST /api/v1/auth/register returned status 200","method":"POST","responseTimeMs":"5830.697","status":"200","timestamp":"2026-07-01 05:02:53","traceId":"0685712d-db4a-4563-a8cc-118f8e6f0c08","url":"/api/v1/auth/register"}
{"contentLength":"69","level":"info","message":"HTTP POST /api/v1/auth/verify-registration returned status 200","method":"POST","responseTimeMs":"953.457","status":"200","timestamp":"2026-07-01 05:02:54","traceId":"db690249-a072-4541-95de-ad7b7f5ade9e","url":"/api/v1/auth/verify-registration"}
{"level":"info","message":"HTTP POST /api/v1/auth/verify-mobile returned status 201","method":"POST","responseTimeMs":"404.878","status":"201","timestamp":"2026-07-01 05:02:54","traceId":"b7d349bb-b5da-45b3-9bab-38520a6f7845","url":"/api/v1/auth/verify-mobile"}
{"level":"info","message":"HTTP POST /api/v1/auth/login returned status 200","method":"POST","responseTimeMs":"573.818","status":"200","timestamp":"2026-07-01 05:02:55","traceId":"3fa9be3c-6492-40c8-92af-f8a261735b69","url":"/api/v1/auth/login"}
{"level":"info","message":"HTTP GET /api/v1/auth/me returned status 200","method":"GET","responseTimeMs":"272.625","status":"200","timestamp":"2026-07-01 05:02:55","traceId":"94bc7f48-4ea8-4054-a664-c8155003eedc","url":"/api/v1/auth/me"}
{"level":"info","message":"HTTP GET /api/v1/profile/me returned status 200","method":"GET","responseTimeMs":"253.176","status":"200","timestamp":"2026-07-01 05:02:56","traceId":"60223d30-2217-4143-855b-abd7ed148137","url":"/api/v1/profile/me"}
{"contentLength":"67","level":"info","message":"HTTP POST /api/v1/kyc/aadhaar/submit returned status 200","method":"POST","responseTimeMs":"355.858","status":"200","timestamp":"2026-07-01 05:02:56","traceId":"2605983a-4358-4e79-a766-0baada79619f","url":"/api/v1/kyc/aadhaar/submit"}
{"contentLength":"63","level":"info","message":"HTTP POST /api/v1/kyc/pan/submit returned status 200","method":"POST","responseTimeMs":"279.171","status":"200","timestamp":"2026-07-01 05:02:56","traceId":"eb3fcc24-d997-4823-8436-1cac263066d0","url":"/api/v1/kyc/pan/submit"}
{"contentLength":"733","level":"info","message":"HTTP POST /api/v1/jobs returned status 201","method":"POST","responseTimeMs":"230.476","status":"201","timestamp":"2026-07-01 05:02:56","traceId":"e141803d-a026-4da9-8c03-41c5de2b3334","url":"/api/v1/jobs"}
{"level":"info","message":"HTTP GET /api/v1/jobs returned status 200","method":"GET","responseTimeMs":"95.530","status":"200","timestamp":"2026-07-01 05:02:57","traceId":"b1988c53-bf36-4db7-9c9e-942c18fa494b","url":"/api/v1/jobs"}
{"contentLength":"745","level":"info","message":"HTTP GET /api/v1/jobs/my-jobs returned status 200","method":"GET","responseTimeMs":"127.718","status":"200","timestamp":"2026-07-01 05:02:57","traceId":"abc18f7f-7521-4882-9eee-9d481dc2180a","url":"/api/v1/jobs/my-jobs"}
{"contentLength":"901","level":"info","message":"HTTP GET /api/v1/dashboard/client returned status 200","method":"GET","responseTimeMs":"292.185","status":"200","timestamp":"2026-07-01 05:02:57","traceId":"e3c80c86-f562-4f3d-afb5-39ca2b38af7a","url":"/api/v1/dashboard/client"}
{"contentLength":"176","level":"info","message":"HTTP GET /api/v1/dashboard/freelancer returned status 200","method":"GET","responseTimeMs":"142.160","status":"200","timestamp":"2026-07-01 05:02:57","traceId":"47e31509-ffc4-43b7-ad8a-35b650b264ba","url":"/api/v1/dashboard/freelancer"}
{"contentLength":"67","level":"info","message":"HTTP POST /api/v1/kyc/aadhaar/submit returned status 200","method":"POST","responseTimeMs":"302.911","status":"200","timestamp":"2026-07-01 05:02:57","traceId":"fb7723f8-0d75-460e-83a4-08a12a5745c9","url":"/api/v1/kyc/aadhaar/submit"}
{"contentLength":"63","level":"info","message":"HTTP POST /api/v1/kyc/pan/submit returned status 200","method":"POST","responseTimeMs":"277.479","status":"200","timestamp":"2026-07-01 05:02:58","traceId":"a60588e2-db65-4e83-ad9c-c7d9dcc1c76b","url":"/api/v1/kyc/pan/submit"}
{"contentLength":"318","level":"info","message":"HTTP POST /api/v1/proposals/6a445228154790d27c20aac8 returned status 201","method":"POST","responseTimeMs":"425.719","status":"201","timestamp":"2026-07-01 05:02:58","traceId":"31281832-245c-46c4-af68-593c58a45ce4","url":"/api/v1/proposals/6a445228154790d27c20aac8"}
{"level":"info","message":"HTTP GET /api/v1/auth/me returned status 200","method":"GET","responseTimeMs":"256.029","status":"200","timestamp":"2026-07-01 05:02:58","traceId":"5967b817-41e1-4891-b92e-737663a9095a","url":"/api/v1/auth/me"}
{"contentLength":"571","level":"info","message":"HTTP POST /api/v1/messages returned status 201","method":"POST","responseTimeMs":"443.125","status":"201","timestamp":"2026-07-01 05:02:59","traceId":"e01b0f1f-6073-4d9d-930f-e74e562fbe56","url":"/api/v1/messages"}
{"contentLength":"44","level":"info","message":"HTTP PUT /api/v1/profile/update returned status 200","method":"PUT","responseTimeMs":"1002.802","status":"200","timestamp":"2026-07-01 05:03:00","traceId":"aa26b882-5058-442f-85f9-fbcb4c82d5ab","url":"/api/v1/profile/update"}
{"level":"info","message":"HTTP GET /api/v1/profile/me returned status 200","method":"GET","responseTimeMs":"279.667","status":"200","timestamp":"2026-07-01 05:03:00","traceId":"6f5a9891-2da2-451e-b56d-33066c2b4789","url":"/api/v1/profile/me"}
{"level":"info","message":"HTTP POST /api/v1/jobs/smart-match returned status 200","method":"POST","responseTimeMs":"107.318","status":"200","timestamp":"2026-07-01 05:03:00","traceId":"6f9e7d9f-a509-4dd5-a932-df414ba801ce","url":"/api/v1/jobs/smart-match"}
{"contentLength":"36","level":"info","message":"HTTP POST /api/v1/jobs/smart-match returned status 200","method":"POST","responseTimeMs":"106.567","status":"200","timestamp":"2026-07-01 05:03:00","traceId":"18b2cfb9-2169-421e-ad11-7ea0fcfb7d66","url":"/api/v1/jobs/smart-match"}
{"contentLength":"745","level":"info","message":"HTTP POST /api/v1/jobs returned status 201","method":"POST","responseTimeMs":"224.686","status":"201","timestamp":"2026-07-01 05:03:01","traceId":"4bb78fe2-c42d-4f12-abcb-2657b68c793d","url":"/api/v1/jobs"}
{"level":"info","message":"HTTP GET /api/v1/notifications returned status 200","method":"GET","responseTimeMs":"186.473","status":"200","timestamp":"2026-07-01 05:03:02","traceId":"9cf93575-04f8-489e-83b6-ffa384a1f7ed","url":"/api/v1/notifications"}
{"contentLength":"124","level":"info","message":"HTTP GET /api/v1/health/test-phase3?jobId=6a44522c154790d27c20aad1 returned status 200","method":"GET","responseTimeMs":"175.777","status":"200","timestamp":"2026-07-01 05:03:02","traceId":"917175bf-6cc3-4ba3-a435-2bf28f7e1ab5","url":"/api/v1/health/test-phase3?jobId=6a44522c154790d27c20aad1"}
{"contentLength":"180","level":"info","message":"HTTP GET /api/v1/health/test-phase4 returned status 200","method":"GET","responseTimeMs":"2004.137","status":"200","timestamp":"2026-07-01 05:03:04","traceId":"aa6127e8-c3a2-4e33-a3fd-e9f01553a401","url":"/api/v1/health/test-phase4"}
{"contentLength":"169","level":"info","message":"HTTP GET /api/v1/health/test-phase5 returned status 200","method":"GET","responseTimeMs":"391.690","status":"200","timestamp":"2026-07-01 05:03:04","traceId":"3001aa68-d405-4826-a172-e4eeb5bb269c","url":"/api/v1/health/test-phase5"}
{"contentLength":"53","level":"info","message":"HTTP GET /api/v1/health returned status 200","method":"GET","responseTimeMs":"1.696","status":"200","timestamp":"2026-07-01 05:19:48","traceId":"7bb2ce3e-09cb-4626-9413-f4f00e27c1bb","url":"/api/v1/health"}
{"contentLength":"67","level":"info","message":"HTTP POST /api/v1/auth/register returned status 200","method":"POST","responseTimeMs":"5744.311","status":"200","timestamp":"2026-07-01 05:19:54","traceId":"5be1209e-b1aa-4507-88ac-e46944cdf75d","url":"/api/v1/auth/register"}
{"contentLength":"69","level":"info","message":"HTTP POST /api/v1/auth/verify-registration returned status 200","method":"POST","responseTimeMs":"1019.637","status":"200","timestamp":"2026-07-01 05:19:55","traceId":"130910c0-9522-4767-9c01-878ceaf6f3f0","url":"/api/v1/auth/verify-registration"}
{"level":"info","message":"HTTP POST /api/v1/auth/verify-mobile returned status 201","method":"POST","responseTimeMs":"438.416","status":"201","timestamp":"2026-07-01 05:19:55","traceId":"cba186ec-a1af-4edc-a938-3f69cd10f16a","url":"/api/v1/auth/verify-mobile"}
{"contentLength":"67","level":"info","message":"HTTP POST /api/v1/auth/register returned status 200","method":"POST","responseTimeMs":"5465.572","status":"200","timestamp":"2026-07-01 05:20:00","traceId":"bc227f56-b291-4458-8843-e2e855e3bb1a","url":"/api/v1/auth/register"}
{"contentLength":"69","level":"info","message":"HTTP POST /api/v1/auth/verify-registration returned status 200","method":"POST","responseTimeMs":"872.982","status":"200","timestamp":"2026-07-01 05:20:01","traceId":"f9eb9faf-c06c-4a44-aa08-bb752f23982e","url":"/api/v1/auth/verify-registration"}
{"level":"info","message":"HTTP POST /api/v1/auth/verify-mobile returned status 201","method":"POST","responseTimeMs":"483.037","status":"201","timestamp":"2026-07-01 05:20:02","traceId":"6f522602-d0ed-4840-9af0-0e076f87138c","url":"/api/v1/auth/verify-mobile"}
{"level":"info","message":"HTTP POST /api/v1/auth/login returned status 200","method":"POST","responseTimeMs":"584.537","status":"200","timestamp":"2026-07-01 05:20:02","traceId":"1e2402ba-f5df-4a47-be33-2e406e7e95f7","url":"/api/v1/auth/login"}
{"level":"info","message":"HTTP GET /api/v1/auth/me returned status 200","method":"GET","responseTimeMs":"266.777","status":"200","timestamp":"2026-07-01 05:20:03","traceId":"6b36655a-7650-433b-a431-b462ccdeb00d","url":"/api/v1/auth/me"}
{"level":"info","message":"HTTP GET /api/v1/profile/me returned status 200","method":"GET","responseTimeMs":"245.189","status":"200","timestamp":"2026-07-01 05:20:03","traceId":"4ed47683-f0dd-43f4-b387-32a91a586167","url":"/api/v1/profile/me"}
{"contentLength":"67","level":"info","message":"HTTP POST /api/v1/kyc/aadhaar/submit returned status 200","method":"POST","responseTimeMs":"342.126","status":"200","timestamp":"2026-07-01 05:20:03","traceId":"8a932f44-00de-4c46-9a8f-eedf44df88bb","url":"/api/v1/kyc/aadhaar/submit"}
{"contentLength":"63","level":"info","message":"HTTP POST /api/v1/kyc/pan/submit returned status 200","method":"POST","responseTimeMs":"262.162","status":"200","timestamp":"2026-07-01 05:20:04","traceId":"82c677aa-a680-44c8-881a-7e1f45cfefb1","url":"/api/v1/kyc/pan/submit"}
{"contentLength":"733","level":"info","message":"HTTP POST /api/v1/jobs returned status 201","method":"POST","responseTimeMs":"219.978","status":"201","timestamp":"2026-07-01 05:20:04","traceId":"1f7dbad4-5bc3-4419-8fd8-80590be90029","url":"/api/v1/jobs"}
{"level":"info","message":"HTTP GET /api/v1/jobs returned status 200","method":"GET","responseTimeMs":"92.093","status":"200","timestamp":"2026-07-01 05:20:04","traceId":"f745c338-56e6-4179-aae4-983fa1c1651a","url":"/api/v1/jobs"}
{"contentLength":"745","level":"info","message":"HTTP GET /api/v1/jobs/my-jobs returned status 200","method":"GET","responseTimeMs":"96.686","status":"200","timestamp":"2026-07-01 05:20:04","traceId":"0e89b2ef-019a-4b78-8532-50d7f78770ad","url":"/api/v1/jobs/my-jobs"}
{"contentLength":"901","level":"info","message":"HTTP GET /api/v1/dashboard/client returned status 200","method":"GET","responseTimeMs":"257.055","status":"200","timestamp":"2026-07-01 05:20:04","traceId":"71ddde7c-52f0-4944-bffd-45c7e3b6559f","url":"/api/v1/dashboard/client"}
{"contentLength":"176","level":"info","message":"HTTP GET /api/v1/dashboard/freelancer returned status 200","method":"GET","responseTimeMs":"151.189","status":"200","timestamp":"2026-07-01 05:20:04","traceId":"6d30096d-a592-4fef-835d-3061b15ccc2a","url":"/api/v1/dashboard/freelancer"}
{"contentLength":"67","level":"info","message":"HTTP POST /api/v1/kyc/aadhaar/submit returned status 200","method":"POST","responseTimeMs":"371.732","status":"200","timestamp":"2026-07-01 05:20:05","traceId":"54e28160-ad74-4762-8399-1f6c7af593ef","url":"/api/v1/kyc/aadhaar/submit"}
{"contentLength":"63","level":"info","message":"HTTP POST /api/v1/kyc/pan/submit returned status 200","method":"POST","responseTimeMs":"245.281","status":"200","timestamp":"2026-07-01 05:20:05","traceId":"f6292ea9-3c60-4d86-94ee-54914022f92d","url":"/api/v1/kyc/pan/submit"}
{"contentLength":"318","level":"info","message":"HTTP POST /api/v1/proposals/6a44562cf52a855e5bb1cd20 returned status 201","method":"POST","responseTimeMs":"402.608","status":"201","timestamp":"2026-07-01 05:20:05","traceId":"0e2f4205-983a-46b8-8e1e-a3d1ee1bf691","url":"/api/v1/proposals/6a44562cf52a855e5bb1cd20"}
{"level":"info","message":"HTTP GET /api/v1/auth/me returned status 200","method":"GET","responseTimeMs":"283.437","status":"200","timestamp":"2026-07-01 05:20:06","traceId":"d3eeeb20-9ae0-4964-bfd4-b45c3b4251d4","url":"/api/v1/auth/me"}
{"contentLength":"571","level":"info","message":"HTTP POST /api/v1/messages returned status 201","method":"POST","responseTimeMs":"394.810","status":"201","timestamp":"2026-07-01 05:20:06","traceId":"302f17c8-47ef-4843-8aef-96d9f1dcb2cf","url":"/api/v1/messages"}
{"contentLength":"44","level":"info","message":"HTTP PUT /api/v1/profile/update returned status 200","method":"PUT","responseTimeMs":"148.430","status":"200","timestamp":"2026-07-01 05:20:06","traceId":"8d8efd85-37be-4b24-b989-96f090b7e8df","url":"/api/v1/profile/update"}
{"level":"info","message":"HTTP GET /api/v1/profile/me returned status 200","method":"GET","responseTimeMs":"248.342","status":"200","timestamp":"2026-07-01 05:20:07","traceId":"cb9debac-9f00-4bb7-9aca-c13654a10515","url":"/api/v1/profile/me"}
{"level":"info","message":"HTTP POST /api/v1/jobs/smart-match returned status 200","method":"POST","responseTimeMs":"117.640","status":"200","timestamp":"2026-07-01 05:20:07","traceId":"489d1156-988d-4651-a540-1caa104dc502","url":"/api/v1/jobs/smart-match"}
{"contentLength":"36","level":"info","message":"HTTP POST /api/v1/jobs/smart-match returned status 200","method":"POST","responseTimeMs":"121.555","status":"200","timestamp":"2026-07-01 05:20:07","traceId":"5f979c1c-e6f9-4452-8f65-6c39ab45f338","url":"/api/v1/jobs/smart-match"}
{"contentLength":"745","level":"info","message":"HTTP POST /api/v1/jobs returned status 201","method":"POST","responseTimeMs":"208.214","status":"201","timestamp":"2026-07-01 05:20:07","traceId":"fae9f06a-0603-4aa0-98e2-ef6e68e13dac","url":"/api/v1/jobs"}
{"level":"info","message":"HTTP GET /api/v1/notifications returned status 200","method":"GET","responseTimeMs":"173.018","status":"200","timestamp":"2026-07-01 05:20:08","traceId":"00db920b-e9db-451c-815b-8548f2aa13a7","url":"/api/v1/notifications"}
{"contentLength":"124","level":"info","message":"HTTP GET /api/v1/health/test-phase3?jobId=6a44562ff52a855e5bb1cd2a returned status 200","method":"GET","responseTimeMs":"168.848","status":"200","timestamp":"2026-07-01 05:20:08","traceId":"fed05e67-bb93-464a-8d2d-a9b2718dc823","url":"/api/v1/health/test-phase3?jobId=6a44562ff52a855e5bb1cd2a"}
{"contentLength":"180","level":"info","message":"HTTP GET /api/v1/health/test-phase4 returned status 200","method":"GET","responseTimeMs":"2004.758","status":"200","timestamp":"2026-07-01 05:20:10","traceId":"2e499c39-1949-4678-a31a-5b359933c2ac","url":"/api/v1/health/test-phase4"}
{"contentLength":"169","level":"info","message":"HTTP GET /api/v1/health/test-phase5 returned status 200","method":"GET","responseTimeMs":"381.292","status":"200","timestamp":"2026-07-01 05:20:11","traceId":"968f2f99-d258-4f3b-a058-762dbab97987","url":"/api/v1/health/test-phase5"}
{"contentLength":"85","level":"info","message":"HTTP GET /api/v1/jobs/stats returned status 200","method":"GET","responseTimeMs":"17937.290","status":"200","timestamp":"2026-07-01 12:32:45","traceId":"f50047ab-6f8e-4f3e-b6db-77fa8530fc63","url":"/api/v1/jobs/stats"}
{"level":"info","message":"HTTP GET /api/v1/jobs?limit=6&status=open returned status 200","method":"GET","responseTimeMs":"19559.414","status":"200","timestamp":"2026-07-01 12:32:47","traceId":"bd219192-1d51-4df5-94c2-747b9af8ab1d","url":"/api/v1/jobs?limit=6&status=open"}
{"level":"info","message":"HTTP GET /api/v1/jobs?limit=6&status=open returned status 304","method":"GET","responseTimeMs":"2909.351","status":"304","timestamp":"2026-07-01 12:49:22","traceId":"d44e289d-0341-4c4c-98c8-b27ced850ed4","url":"/api/v1/jobs?limit=6&status=open"}
{"level":"info","message":"HTTP GET /api/v1/jobs/stats returned status 304","method":"GET","responseTimeMs":"2949.923","status":"304","timestamp":"2026-07-01 12:49:22","traceId":"63fb7605-d9be-48fa-b6c3-99d318c98d76","url":"/api/v1/jobs/stats"}
{"level":"info","message":"HTTP GET /api/v1/ads/active?platform=WEB returned status 304","method":"GET","responseTimeMs":"52.634","status":"304","timestamp":"2026-07-01 15:22:46","traceId":"fd266e36-b8e5-4ad8-9f09-853b9a66fdb0","url":"/api/v1/ads/active?platform=WEB"}
{"level":"info","message":"HTTP GET /api/v1/ads/active?platform=WEB returned status 304","method":"GET","responseTimeMs":"44.651","status":"304","timestamp":"2026-07-01 15:22:46","traceId":"be475e81-e088-44d9-a7a8-67e5c1d1c140","url":"/api/v1/ads/active?platform=WEB"}
{"level":"info","message":"HTTP GET /api/v1/jobs?limit=6&status=open returned status 200","method":"GET","responseTimeMs":"158.372","status":"200","timestamp":"2026-07-01 15:22:46","traceId":"070e3605-a93b-43c5-b807-c99b014e15df","url":"/api/v1/jobs?limit=6&status=open"}
{"contentLength":"85","level":"info","message":"HTTP GET /api/v1/jobs/stats returned status 200","method":"GET","responseTimeMs":"212.462","status":"200","timestamp":"2026-07-01 15:22:46","traceId":"f51b071e-3feb-45aa-8208-8659238aa8a4","url":"/api/v1/jobs/stats"}
{"contentLength":"56","level":"info","message":"HTTP POST /api/admin/auth/login returned status 401","method":"POST","responseTimeMs":"57.120","status":"401","timestamp":"2026-07-01 15:23:00","traceId":"0695e8e7-ca4a-45b5-8ee4-0462fae80d3a","url":"/api/admin/auth/login"}
{"contentLength":"56","level":"info","message":"HTTP POST /api/admin/auth/login returned status 401","method":"POST","responseTimeMs":"395.065","status":"401","timestamp":"2026-07-01 15:23:48","traceId":"c5729c63-c348-450c-b02b-a3feb9d31c5b","url":"/api/admin/auth/login"}
{"contentLength":"56","level":"info","message":"HTTP POST /api/admin/auth/login returned status 401","method":"POST","responseTimeMs":"357.206","status":"401","timestamp":"2026-07-01 15:23:51","traceId":"7e0d1371-e690-4f7c-99f6-02ebdc97d2b0","url":"/api/admin/auth/login"}
{"contentLength":"707","level":"info","message":"HTTP POST /api/admin/auth/login returned status 200","method":"POST","responseTimeMs":"10079.246","status":"200","timestamp":"2026-07-01 15:25:20","traceId":"84233551-5802-46a2-ad02-c49c9d3ec0ce","url":"/api/admin/auth/login"}
{"contentLength":"680","level":"info","message":"HTTP GET /api/admin/analytics/recent-activity returned status 200","method":"GET","responseTimeMs":"5587.329","status":"200","timestamp":"2026-07-01 15:25:26","traceId":"e70a3f4c-cbb5-42fb-a7ca-3dc669100319","url":"/api/admin/analytics/recent-activity"}
{"level":"info","message":"HTTP GET /api/admin/analytics/recent-activity returned status 304","method":"GET","responseTimeMs":"4532.667","status":"304","timestamp":"2026-07-01 15:25:30","traceId":"8d55e2f8-1f4a-43b5-bb44-00b8235ae174","url":"/api/admin/analytics/recent-activity"}
{"contentLength":"232","level":"info","message":"HTTP GET /api/admin/analytics/overview returned status 200","method":"GET","responseTimeMs":"20190.805","status":"200","timestamp":"2026-07-01 15:25:40","traceId":"fbe5f3ca-b6d9-4754-8e04-cb2190e16711","url":"/api/admin/analytics/overview"}
{"contentLength":"232","level":"info","message":"HTTP GET /api/admin/analytics/overview returned status 200","method":"GET","responseTimeMs":"5660.344","status":"200","timestamp":"2026-07-01 15:25:46","traceId":"95675fcc-238a-47f2-9ae2-03b94a97ac8c","url":"/api/admin/analytics/overview"}
{"level":"info","message":"HTTP GET /api/admin/users?page=1&limit=20&role=CLIENT returned status 200","method":"GET","responseTimeMs":"136.028","status":"200","timestamp":"2026-07-01 15:26:09","traceId":"bf853211-2572-4e5b-8d49-9ad042f66897","url":"/api/admin/users?page=1&limit=20&role=CLIENT"}
{"level":"info","message":"HTTP GET /api/admin/users?page=1&limit=20&role=CLIENT returned status 304","method":"GET","responseTimeMs":"102.706","status":"304","timestamp":"2026-07-01 15:26:09","traceId":"ba49b684-9d4c-46c3-bdda-3f5f06565562","url":"/api/admin/users?page=1&limit=20&role=CLIENT"}
{"level":"info","message":"HTTP GET /api/admin/users?page=1&limit=20&role=FREELANCER returned status 200","method":"GET","responseTimeMs":"118.585","status":"200","timestamp":"2026-07-01 15:26:11","traceId":"b34db0a9-ea99-4a9b-9a90-3f885f51b94a","url":"/api/admin/users?page=1&limit=20&role=FREELANCER"}
{"level":"info","message":"HTTP GET /api/admin/tasks?page=1&limit=20 returned status 200","method":"GET","responseTimeMs":"182.273","status":"200","timestamp":"2026-07-01 15:26:12","traceId":"c2e307d7-6997-4ba2-946d-0844a03df9b9","url":"/api/admin/tasks?page=1&limit=20"}
{"level":"info","message":"HTTP GET /api/admin/tasks?page=1&limit=20 returned status 304","method":"GET","responseTimeMs":"183.352","status":"304","timestamp":"2026-07-01 15:26:12","traceId":"774fe1f7-18c6-42c2-af85-28eddbc12e99","url":"/api/admin/tasks?page=1&limit=20"}
{"contentLength":"26","level":"info","message":"HTTP GET /api/admin/ads returned status 200","method":"GET","responseTimeMs":"97.767","status":"200","timestamp":"2026-07-01 15:26:13","traceId":"e0a51765-88fe-4e52-9aea-e4c251aa8f49","url":"/api/admin/ads"}
{"level":"info","message":"HTTP GET /api/admin/ads returned status 304","method":"GET","responseTimeMs":"122.132","status":"304","timestamp":"2026-07-01 15:26:13","traceId":"d25d27e3-c833-4850-98d6-1ebdac986887","url":"/api/admin/ads"}
{"contentLength":"81","level":"info","message":"HTTP GET /api/admin/payments?page=1&limit=15 returned status 200","method":"GET","responseTimeMs":"95.665","status":"200","timestamp":"2026-07-01 15:26:14","traceId":"bc12e69b-9114-4a42-a00b-12e142221719","url":"/api/admin/payments?page=1&limit=15"}
{"level":"info","message":"HTTP GET /api/admin/payments?page=1&limit=15 returned status 304","method":"GET","responseTimeMs":"118.328","status":"304","timestamp":"2026-07-01 15:26:14","traceId":"82b296c6-48f4-446b-b42f-82d3912b8fd2","url":"/api/admin/payments?page=1&limit=15"}
{"contentLength":"56","level":"info","message":"HTTP GET /api/admin/analytics/users returned status 200","method":"GET","responseTimeMs":"121.576","status":"200","timestamp":"2026-07-01 15:26:15","traceId":"b66774af-84c2-477c-8812-1259e849acae","url":"/api/admin/analytics/users"}
{"contentLength":"26","level":"info","message":"HTTP GET /api/admin/analytics/revenue returned status 200","method":"GET","responseTimeMs":"121.967","status":"200","timestamp":"2026-07-01 15:26:15","traceId":"6d8076d1-9612-4cae-9384-c573912c319e","url":"/api/admin/analytics/revenue"}
{"contentLength":"56","level":"info","message":"HTTP GET /api/admin/analytics/tasks returned status 200","method":"GET","responseTimeMs":"117.781","status":"200","timestamp":"2026-07-01 15:26:15","traceId":"3e8c3721-c84f-46da-a0af-4625cd16c81e","url":"/api/admin/analytics/tasks"}
{"level":"info","message":"HTTP GET /api/admin/analytics/tasks returned status 304","method":"GET","responseTimeMs":"96.593","status":"304","timestamp":"2026-07-01 15:26:15","traceId":"d644da15-0e1a-4169-a8c6-11687c9ab1f2","url":"/api/admin/analytics/tasks"}
{"level":"info","message":"HTTP GET /api/admin/analytics/revenue returned status 304","method":"GET","responseTimeMs":"100.561","status":"304","timestamp":"2026-07-01 15:26:15","traceId":"2e9445d6-a8d6-4124-852d-82c359d721d4","url":"/api/admin/analytics/revenue"}
{"level":"info","message":"HTTP GET /api/admin/analytics/users returned status 304","method":"GET","responseTimeMs":"99.683","status":"304","timestamp":"2026-07-01 15:26:15","traceId":"8f2479de-325d-414b-80f1-471210e58303","url":"/api/admin/analytics/users"}
{"contentLength":"735","level":"info","message":"HTTP GET /api/admin/audit?page=1&limit=20 returned status 200","method":"GET","responseTimeMs":"103.771","status":"200","timestamp":"2026-07-01 15:26:16","traceId":"f272dbe9-8e5c-48bc-82f4-f804e15e0bae","url":"/api/admin/audit?page=1&limit=20"}
{"level":"info","message":"HTTP GET /api/admin/audit?page=1&limit=20 returned status 304","method":"GET","responseTimeMs":"111.288","status":"304","timestamp":"2026-07-01 15:26:16","traceId":"9d277741-e70d-4fac-b813-1952591c2180","url":"/api/admin/audit?page=1&limit=20"}
{"level":"info","message":"HTTP GET /api/admin/ads returned status 304","method":"GET","responseTimeMs":"115.013","status":"304","timestamp":"2026-07-01 15:26:20","traceId":"7217be65-58fd-4e2d-8cf0-56c93496924e","url":"/api/admin/ads"}
{"level":"info","message":"HTTP GET /api/admin/ads returned status 304","method":"GET","responseTimeMs":"104.803","status":"304","timestamp":"2026-07-01 15:26:21","traceId":"37c2f64f-b0bf-40d2-9587-2620d467d705","url":"/api/admin/ads"}
{"level":"info","message":"HTTP GET /api/admin/tasks?page=1&limit=20 returned status 304","method":"GET","responseTimeMs":"199.025","status":"304","timestamp":"2026-07-01 15:26:23","traceId":"b342667e-ecfa-4d9c-aad4-1fbf79696e46","url":"/api/admin/tasks?page=1&limit=20"}
{"level":"info","message":"HTTP GET /api/admin/tasks?page=1&limit=20 returned status 304","method":"GET","responseTimeMs":"178.726","status":"304","timestamp":"2026-07-01 15:26:23","traceId":"00d9ae6e-928f-4986-a387-9f84fd651040","url":"/api/admin/tasks?page=1&limit=20"}
{"level":"info","message":"HTTP GET /api/admin/users?page=1&limit=20&role=FREELANCER returned status 304","method":"GET","responseTimeMs":"117.267","status":"304","timestamp":"2026-07-01 15:26:27","traceId":"510b8e84-c336-49f9-a637-fa4637e86695","url":"/api/admin/users?page=1&limit=20&role=FREELANCER"}
{"level":"info","message":"HTTP GET /api/admin/users?page=1&limit=20&role=FREELANCER returned status 304","method":"GET","responseTimeMs":"106.880","status":"304","timestamp":"2026-07-01 15:26:28","traceId":"7bf1cfb0-c184-407a-935b-befee6c3cfb8","url":"/api/admin/users?page=1&limit=20&role=FREELANCER"}
{"level":"info","message":"HTTP GET /api/admin/users/09bd2725-c244-4eeb-a4c9-06cfb42775dd returned status 200","method":"GET","responseTimeMs":"178.135","status":"200","timestamp":"2026-07-01 15:26:29","traceId":"ed76ea27-00ef-4377-929a-065afa6a2b82","url":"/api/admin/users/09bd2725-c244-4eeb-a4c9-06cfb42775dd"}
