{"level":"info","message":"HTTP GET /api/v1/ads/active?platform=WEB returned status 304","method":"GET","responseTimeMs":"68.348","status":"304","timestamp":"2026-07-03 01:31:10","traceId":"27d3619f-6cb9-4dd3-bb32-e3da4d19df44","url":"/api/v1/ads/active?platform=WEB"}
{"level":"info","message":"HTTP GET /api/v1/ads/active?platform=WEB returned status 304","method":"GET","responseTimeMs":"89.059","status":"304","timestamp":"2026-07-03 01:31:10","traceId":"4fc3fcc4-64d2-48c0-ad14-bd77cb0d239d","url":"/api/v1/ads/active?platform=WEB"}
{"contentLength":"93","level":"info","message":"HTTP GET /api/v1/jobs/stats returned status 200","method":"GET","responseTimeMs":"372.144","status":"200","timestamp":"2026-07-03 01:31:10","traceId":"76b2900f-a528-40c7-8720-6b5dd7303167","url":"/api/v1/jobs/stats"}
{"level":"info","message":"HTTP GET /api/v1/jobs?limit=6&status=open returned status 200","method":"GET","responseTimeMs":"594.093","status":"200","timestamp":"2026-07-03 01:31:11","traceId":"b9d10494-b676-48cd-801b-181c14ec7ccc","url":"/api/v1/jobs?limit=6&status=open"}
{"level":"info","message":"HTTP POST /api/v1/auth/login returned status 200","method":"POST","responseTimeMs":"723.412","status":"200","timestamp":"2026-07-03 01:31:38","traceId":"79ca44fa-8b49-4dc9-9395-193fd5394e4f","url":"/api/v1/auth/login"}
{"level":"info","message":"HTTP GET /api/v1/ads/active?platform=MOBILE returned status 304","method":"GET","responseTimeMs":"89.752","status":"304","timestamp":"2026-07-03 01:31:38","traceId":"c66ef6af-f3a7-466e-af44-5bab6dddf31d","url":"/api/v1/ads/active?platform=MOBILE"}
{"level":"info","message":"HTTP GET /api/v1/messages/conversations returned status 304","method":"GET","responseTimeMs":"200.906","status":"304","timestamp":"2026-07-03 01:31:38","traceId":"96c07dbc-5156-49ab-b5ad-d7eeb5716bf8","url":"/api/v1/messages/conversations"}
{"level":"info","message":"HTTP GET /api/v1/ads/active?platform=MOBILE returned status 304","method":"GET","responseTimeMs":"105.144","status":"304","timestamp":"2026-07-03 01:31:38","traceId":"57958baf-52f8-45c0-ab99-f9a9135883e5","url":"/api/v1/ads/active?platform=MOBILE"}
{"level":"info","message":"HTTP GET /api/v1/notifications returned status 304","method":"GET","responseTimeMs":"219.232","status":"304","timestamp":"2026-07-03 01:31:38","traceId":"c3d646a1-4f99-4bf2-88cc-b21ac9836102","url":"/api/v1/notifications"}
{"level":"info","message":"HTTP GET /api/v1/dashboard/client returned status 304","method":"GET","responseTimeMs":"390.527","status":"304","timestamp":"2026-07-03 01:31:38","traceId":"169f3231-9b68-4d5c-9e15-b2f99d4ee397","url":"/api/v1/dashboard/client"}
{"level":"info","message":"HTTP GET /api/v1/dashboard/wallet returned status 304","method":"GET","responseTimeMs":"446.125","status":"304","timestamp":"2026-07-03 01:31:38","traceId":"1ac28f12-d467-4288-9934-35b08d13212c","url":"/api/v1/dashboard/wallet"}
{"level":"info","message":"HTTP GET /api/v1/ads/active?platform=WEB returned status 304","method":"GET","responseTimeMs":"73.135","status":"304","timestamp":"2026-07-03 01:31:53","traceId":"069671e1-370d-4dfb-a59d-7dd9c8ef4634","url":"/api/v1/ads/active?platform=WEB"}
{"level":"info","message":"HTTP GET /api/v1/messages/conversations returned status 304","method":"GET","responseTimeMs":"150.329","status":"304","timestamp":"2026-07-03 01:31:53","traceId":"5ddb92b1-d969-454d-9477-939bb2d50d31","url":"/api/v1/messages/conversations"}
{"level":"info","message":"HTTP GET /api/v1/ads/active?platform=WEB returned status 304","method":"GET","responseTimeMs":"82.089","status":"304","timestamp":"2026-07-03 01:31:53","traceId":"d8a6e0e5-0617-4a6b-8212-95814872fff6","url":"/api/v1/ads/active?platform=WEB"}
{"level":"info","message":"HTTP GET /api/v1/notifications returned status 304","method":"GET","responseTimeMs":"213.130","status":"304","timestamp":"2026-07-03 01:31:53","traceId":"e1b739a1-ad56-42b9-bd63-39959c4df2c2","url":"/api/v1/notifications"}
{"level":"info","message":"HTTP GET /api/v1/jobs/stats returned status 304","method":"GET","responseTimeMs":"342.250","status":"304","timestamp":"2026-07-03 01:31:53","traceId":"5853cc06-b09d-47d6-ab5a-7111c1dab38c","url":"/api/v1/jobs/stats"}
{"level":"info","message":"HTTP GET /api/v1/jobs/search?status=open&limit=40 returned status 200","method":"GET","responseTimeMs":"880.077","status":"200","timestamp":"2026-07-03 01:31:59","traceId":"d9c2b3ef-c581-4e8e-b43f-fce04e401886","url":"/api/v1/jobs/search?status=open&limit=40"}
{"level":"info","message":"HTTP GET /api/v1/ads/active?platform=WEB returned status 304","method":"GET","responseTimeMs":"78.986","status":"304","timestamp":"2026-07-03 01:31:59","traceId":"36f3c22f-c36e-4a93-871c-a24528d05700","url":"/api/v1/ads/active?platform=WEB"}
{"level":"info","message":"HTTP GET /api/v1/ads/active?platform=WEB returned status 304","method":"GET","responseTimeMs":"78.805","status":"304","timestamp":"2026-07-03 01:31:59","traceId":"16d9ce20-3681-497e-8025-fe7fe543bf3c","url":"/api/v1/ads/active?platform=WEB"}
{"level":"info","message":"HTTP GET /api/v1/profile/user/e2ceaf08-8b9d-48cd-812d-ba695adadbf2 returned status 200","method":"GET","responseTimeMs":"577.298","status":"200","timestamp":"2026-07-03 01:32:01","traceId":"f0611b3c-2311-4e8d-baef-f9ca3b8e39c2","url":"/api/v1/profile/user/e2ceaf08-8b9d-48cd-812d-ba695adadbf2"}
{"level":"info","message":"HTTP GET /api/v1/messages/conversations returned status 304","method":"GET","responseTimeMs":"211.356","status":"304","timestamp":"2026-07-03 01:32:03","traceId":"d4072460-a352-4e2d-b858-96357550f001","url":"/api/v1/messages/conversations"}
{"level":"info","message":"HTTP GET /api/v1/profile/me returned status 200","method":"GET","responseTimeMs":"422.778","status":"200","timestamp":"2026-07-03 01:32:03","traceId":"63b8fbaf-9861-4575-8cb8-bd6f7239e3eb","url":"/api/v1/profile/me"}
{"level":"info","message":"HTTP GET /api/v1/profile/me returned status 304","method":"GET","responseTimeMs":"368.798","status":"304","timestamp":"2026-07-03 01:32:03","traceId":"ba3c31ec-db1c-42fc-8330-ae69974f785c","url":"/api/v1/profile/me"}
{"level":"info","message":"HTTP GET /api/v1/messages/conversations returned status 304","method":"GET","responseTimeMs":"141.739","status":"304","timestamp":"2026-07-03 01:32:18","traceId":"b6d6cd9d-ed90-49b7-9457-86cb5be62510","url":"/api/v1/messages/conversations"}
{"level":"info","message":"HTTP PUT /api/v1/geo/update-location returned status 200","method":"PUT","responseTimeMs":"167.643","status":"200","timestamp":"2026-07-03 01:32:18","traceId":"1af54a77-7690-496e-a650-6f865387a94c","url":"/api/v1/geo/update-location"}
{"level":"info","message":"HTTP GET /api/v1/notifications returned status 304","method":"GET","responseTimeMs":"221.214","status":"304","timestamp":"2026-07-03 01:32:24","traceId":"720ba7ed-deab-43a1-aa62-6f195e3b2ac6","url":"/api/v1/notifications"}
{"level":"info","message":"HTTP GET /api/v1/messages/conversations returned status 304","method":"GET","responseTimeMs":"170.664","status":"304","timestamp":"2026-07-03 01:32:33","traceId":"e38eb8ba-f236-4489-a568-ae7a638c6f1c","url":"/api/v1/messages/conversations"}
{"contentLength":"152","level":"info","message":"HTTP POST /api/v1/jobs returned status 400","method":"POST","responseTimeMs":"132.889","status":"400","timestamp":"2026-07-03 01:32:48","traceId":"0815550a-2c54-4f2b-9846-4587e8ba8f0b","url":"/api/v1/jobs"}
{"level":"info","message":"HTTP GET /api/v1/messages/conversations returned status 304","method":"GET","responseTimeMs":"139.511","status":"304","timestamp":"2026-07-03 01:32:48","traceId":"037c624a-49b4-489c-8191-6235a3279235","url":"/api/v1/messages/conversations"}
{"level":"info","message":"HTTP GET /api/v1/notifications returned status 304","method":"GET","responseTimeMs":"199.697","status":"304","timestamp":"2026-07-03 01:32:54","traceId":"456571f7-cbc3-430d-82eb-f1ef97a65331","url":"/api/v1/notifications"}
{"contentLength":"44","level":"info","message":"HTTP PUT /api/v1/profile/update returned status 200","method":"PUT","responseTimeMs":"218.463","status":"200","timestamp":"2026-07-03 01:32:54","traceId":"fbf637a9-90a9-471e-b1ad-5e41811cdd97","url":"/api/v1/profile/update"}
{"level":"info","message":"HTTP GET /api/v1/messages/conversations returned status 304","method":"GET","responseTimeMs":"123.444","status":"304","timestamp":"2026-07-03 01:32:56","traceId":"8d571433-584f-4ad9-af06-a7cb129ea973","url":"/api/v1/messages/conversations"}
{"level":"info","message":"HTTP GET /api/v1/profile/me returned status 200","method":"GET","responseTimeMs":"284.924","status":"200","timestamp":"2026-07-03 01:32:56","traceId":"2aaa5771-785e-4d20-bc84-5749d6e3c4c7","url":"/api/v1/profile/me"}
{"level":"info","message":"HTTP GET /api/v1/profile/me returned status 304","method":"GET","responseTimeMs":"321.928","status":"304","timestamp":"2026-07-03 01:32:57","traceId":"0af65abd-ce2b-4dbb-9305-cc40476167bc","url":"/api/v1/profile/me"}
{"level":"info","message":"HTTP GET /api/v1/ads/active?platform=WEB returned status 304","method":"GET","responseTimeMs":"59.797","status":"304","timestamp":"2026-07-03 01:33:00","traceId":"48f2a7c0-0d44-41ef-b36c-7f749c087245","url":"/api/v1/ads/active?platform=WEB"}
{"level":"info","message":"HTTP GET /api/v1/ads/active?platform=WEB returned status 304","method":"GET","responseTimeMs":"71.418","status":"304","timestamp":"2026-07-03 01:33:00","traceId":"3f8d56d7-74e8-48a4-a791-d40540588e46","url":"/api/v1/ads/active?platform=WEB"}
{"level":"info","message":"HTTP GET /api/v1/jobs/stats returned status 304","method":"GET","responseTimeMs":"265.194","status":"304","timestamp":"2026-07-03 01:33:01","traceId":"d16044bf-5cba-40a8-9c4f-ce59673a255c","url":"/api/v1/jobs/stats"}
{"level":"info","message":"HTTP GET /api/v1/jobs?limit=6&status=open returned status 304","method":"GET","responseTimeMs":"558.370","status":"304","timestamp":"2026-07-03 01:33:01","traceId":"34ae7ecb-4d6d-4866-b6b8-13ff17a1627c","url":"/api/v1/jobs?limit=6&status=open"}
{"level":"info","message":"HTTP GET /api/v1/profile/me returned status 304","method":"GET","responseTimeMs":"324.182","status":"304","timestamp":"2026-07-03 01:33:07","traceId":"9980d8f9-4641-48cc-91f6-85a27e388f60","url":"/api/v1/profile/me"}
{"level":"info","message":"HTTP GET /api/v1/messages/conversations returned status 304","method":"GET","responseTimeMs":"126.024","status":"304","timestamp":"2026-07-03 01:33:10","traceId":"d851dfd3-3754-41ef-af5a-7a3782d1a5f7","url":"/api/v1/messages/conversations"}
{"level":"info","message":"HTTP GET /api/v1/notifications returned status 304","method":"GET","responseTimeMs":"175.045","status":"304","timestamp":"2026-07-03 01:33:10","traceId":"f490af97-f1aa-4ec4-9e23-98d5bf752e55","url":"/api/v1/notifications"}
{"level":"info","message":"HTTP GET /api/v1/profile/me returned status 304","method":"GET","responseTimeMs":"346.689","status":"304","timestamp":"2026-07-03 01:33:11","traceId":"ee95b8ed-918d-4fb7-936d-af27e57cb43d","url":"/api/v1/profile/me"}
{"level":"info","message":"HTTP GET /api/v1/ads/active?platform=WEB returned status 304","method":"GET","responseTimeMs":"68.254","status":"304","timestamp":"2026-07-03 01:33:11","traceId":"dddbf5e6-278d-4834-895b-160b4b7c7f71","url":"/api/v1/ads/active?platform=WEB"}
{"level":"info","message":"HTTP GET /api/v1/ads/active?platform=WEB returned status 304","method":"GET","responseTimeMs":"77.076","status":"304","timestamp":"2026-07-03 01:33:11","traceId":"058486e5-24e7-4301-8e56-c897fbf870bc","url":"/api/v1/ads/active?platform=WEB"}
{"level":"info","message":"HTTP GET /api/v1/messages/conversations returned status 304","method":"GET","responseTimeMs":"148.776","status":"304","timestamp":"2026-07-03 01:33:26","traceId":"8d55c465-2678-44e4-98c0-dd0069f3346f","url":"/api/v1/messages/conversations"}
{"contentLength":"44","level":"info","message":"HTTP PUT /api/v1/profile/update returned status 200","method":"PUT","responseTimeMs":"332.111","status":"200","timestamp":"2026-07-03 01:33:38","traceId":"f8f1481d-ec71-4860-a132-8e372f72098c","url":"/api/v1/profile/update"}
{"level":"info","message":"HTTP GET /api/v1/profile/me returned status 200","method":"GET","responseTimeMs":"400.196","status":"200","timestamp":"2026-07-03 01:33:38","traceId":"7f503306-8786-4f82-9c21-df220c7cff2e","url":"/api/v1/profile/me"}
{"level":"info","message":"HTTP GET /api/v1/messages/conversations returned status 304","method":"GET","responseTimeMs":"136.768","status":"304","timestamp":"2026-07-03 01:33:41","traceId":"b4bb68fa-dada-4f5b-8d07-04ddda36f27c","url":"/api/v1/messages/conversations"}
{"level":"info","message":"HTTP GET /api/v1/notifications returned status 304","method":"GET","responseTimeMs":"254.671","status":"304","timestamp":"2026-07-03 01:33:41","traceId":"96bb3d7a-98da-489d-9fbf-63148f1fa920","url":"/api/v1/notifications"}
{"level":"info","message":"HTTP GET /api/v1/dashboard/wallet returned status 304","method":"GET","responseTimeMs":"356.065","status":"304","timestamp":"2026-07-03 01:33:47","traceId":"9cca55ef-2534-452a-b915-dba8a769fe24","url":"/api/v1/dashboard/wallet"}
{"level":"info","message":"HTTP GET /api/v1/messages/conversations returned status 304","method":"GET","responseTimeMs":"134.072","status":"304","timestamp":"2026-07-03 01:33:56","traceId":"6173ae6f-d3ed-4fdd-adc6-487fb30066bf","url":"/api/v1/messages/conversations"}
{"level":"info","message":"HTTP GET /api/v1/notifications returned status 304","method":"GET","responseTimeMs":"218.235","status":"304","timestamp":"2026-07-03 01:34:11","traceId":"90f70c95-ad11-4855-8bf7-323a3fcc8c03","url":"/api/v1/notifications"}
{"level":"info","message":"HTTP GET /api/v1/messages/conversations returned status 304","method":"GET","responseTimeMs":"126.156","status":"304","timestamp":"2026-07-03 01:34:11","traceId":"7fc9641f-3bd9-44c6-946c-8e6e0a354e7c","url":"/api/v1/messages/conversations"}
{"contentLength":"67","level":"info","message":"HTTP POST /api/v1/kyc/aadhaar/submit returned status 200","method":"POST","responseTimeMs":"431.428","status":"200","timestamp":"2026-07-03 01:34:24","traceId":"5cca71df-ef9b-4df1-8c63-c0b3c7aa5ac6","url":"/api/v1/kyc/aadhaar/submit"}
{"contentLength":"217","level":"info","message":"HTTP GET /api/v1/dashboard/wallet returned status 200","method":"GET","responseTimeMs":"299.983","status":"200","timestamp":"2026-07-03 01:34:25","traceId":"37c813fa-c8d2-46e4-b389-5658fcd6f8e7","url":"/api/v1/dashboard/wallet"}
{"level":"info","message":"HTTP GET /api/v1/messages/conversations returned status 304","method":"GET","responseTimeMs":"137.571","status":"304","timestamp":"2026-07-03 01:34:26","traceId":"2a872243-d93c-4917-9741-dcaf58e7e59d","url":"/api/v1/messages/conversations"}
{"contentLength":"54","level":"info","message":"HTTP POST /api/v1/kyc/aadhaar/submit returned status 400","method":"POST","responseTimeMs":"151.350","status":"400","timestamp":"2026-07-03 01:34:30","traceId":"af9d7ad6-1f93-45f4-a442-69f79c4397b2","url":"/api/v1/kyc/aadhaar/submit"}
{"contentLength":"54","level":"info","message":"HTTP POST /api/v1/kyc/aadhaar/submit returned status 400","method":"POST","responseTimeMs":"147.063","status":"400","timestamp":"2026-07-03 01:34:33","traceId":"321b9b4e-49a8-4087-86cd-0ab50c78d880","url":"/api/v1/kyc/aadhaar/submit"}
{"level":"info","message":"HTTP GET /api/v1/notifications returned status 304","method":"GET","responseTimeMs":"196.481","status":"304","timestamp":"2026-07-03 01:34:41","traceId":"b6fbce5b-1f3b-4e0e-8471-097da7baf11a","url":"/api/v1/notifications"}
{"level":"info","message":"HTTP GET /api/v1/messages/conversations returned status 304","method":"GET","responseTimeMs":"123.884","status":"304","timestamp":"2026-07-03 01:34:41","traceId":"ac569434-9e48-4253-b3c6-b0730bd771f4","url":"/api/v1/messages/conversations"}
{"level":"info","message":"HTTP GET /api/v1/messages/conversations returned status 304","method":"GET","responseTimeMs":"123.339","status":"304","timestamp":"2026-07-03 01:34:56","traceId":"ad4f3587-2ff8-4201-b814-64936beba175","url":"/api/v1/messages/conversations"}
{"level":"info","message":"HTTP GET /api/v1/dashboard/wallet returned status 304","method":"GET","responseTimeMs":"336.303","status":"304","timestamp":"2026-07-03 01:34:57","traceId":"af72bddc-7fb5-4e1d-a3a0-fddc03af40d2","url":"/api/v1/dashboard/wallet"}
{"level":"info","message":"HTTP GET /api/v1/ads/active?platform=WEB returned status 304","method":"GET","responseTimeMs":"126.993","status":"304","timestamp":"2026-07-03 01:35:01","traceId":"3ae78174-0f37-46f3-b969-5292a90e90d3","url":"/api/v1/ads/active?platform=WEB"}
{"level":"info","message":"HTTP GET /api/v1/ads/active?platform=WEB returned status 304","method":"GET","responseTimeMs":"110.977","status":"304","timestamp":"2026-07-03 01:35:01","traceId":"99abc05a-3b6e-4179-8c89-2447418f5d4b","url":"/api/v1/ads/active?platform=WEB"}
{"level":"info","message":"HTTP GET /api/v1/jobs/stats returned status 304","method":"GET","responseTimeMs":"340.886","status":"304","timestamp":"2026-07-03 01:35:01","traceId":"7df153c1-167d-44ea-851c-128b8a36f99a","url":"/api/v1/jobs/stats"}
{"level":"info","message":"HTTP GET /api/v1/jobs?limit=6&status=open returned status 304","method":"GET","responseTimeMs":"567.715","status":"304","timestamp":"2026-07-03 01:35:01","traceId":"655111cf-a5ba-44c3-9dbc-183792d33fbc","url":"/api/v1/jobs?limit=6&status=open"}
{"level":"info","message":"HTTP GET /api/v1/messages/conversations returned status 304","method":"GET","responseTimeMs":"722.811","status":"304","timestamp":"2026-07-03 01:35:07","traceId":"3c552688-7350-4cf1-831e-aec3b0b721c6","url":"/api/v1/messages/conversations"}
{"level":"info","message":"HTTP GET /api/v1/profile/me returned status 200","method":"GET","responseTimeMs":"1011.417","status":"200","timestamp":"2026-07-03 01:35:08","traceId":"9093b71e-d38c-4b0a-9344-8248c4f41152","url":"/api/v1/profile/me"}
{"level":"info","message":"HTTP GET /api/v1/profile/me returned status 304","method":"GET","responseTimeMs":"373.074","status":"304","timestamp":"2026-07-03 01:35:08","traceId":"b9ed9f7f-97f2-4add-ab09-3db71458bfb5","url":"/api/v1/profile/me"}
{"level":"info","message":"HTTP GET /api/v1/notifications returned status 304","method":"GET","responseTimeMs":"205.617","status":"304","timestamp":"2026-07-03 01:35:11","traceId":"33d82577-1a6c-4c06-a3ee-7e4b367fe47a","url":"/api/v1/notifications"}
{"level":"info","message":"HTTP GET /api/v1/ads/active?platform=MOBILE returned status 304","method":"GET","responseTimeMs":"76.383","status":"304","timestamp":"2026-07-03 01:35:14","traceId":"fae26b35-b69e-4a47-a009-de68a51b2a03","url":"/api/v1/ads/active?platform=MOBILE"}
{"level":"info","message":"HTTP GET /api/v1/ads/active?platform=MOBILE returned status 304","method":"GET","responseTimeMs":"51.747","status":"304","timestamp":"2026-07-03 01:35:14","traceId":"e42800a1-0c51-4133-a6d4-d38fae5a0956","url":"/api/v1/ads/active?platform=MOBILE"}
{"level":"info","message":"HTTP GET /api/v1/messages/conversations returned status 304","method":"GET","responseTimeMs":"139.103","status":"304","timestamp":"2026-07-03 01:35:14","traceId":"bb90569a-1ad3-4718-8ef6-4ff4c61aca74","url":"/api/v1/messages/conversations"}
{"level":"info","message":"HTTP GET /api/v1/notifications returned status 304","method":"GET","responseTimeMs":"177.380","status":"304","timestamp":"2026-07-03 01:35:14","traceId":"d8384b10-f26e-4f54-a88c-54f14db08e07","url":"/api/v1/notifications"}
{"level":"info","message":"HTTP GET /api/v1/dashboard/client returned status 304","method":"GET","responseTimeMs":"310.991","status":"304","timestamp":"2026-07-03 01:35:14","traceId":"659c518e-efcd-4004-8f9a-375c83f7a2be","url":"/api/v1/dashboard/client"}
{"level":"info","message":"HTTP PUT /api/v1/geo/update-location returned status 200","method":"PUT","responseTimeMs":"153.155","status":"200","timestamp":"2026-07-03 01:35:18","traceId":"13d1e3db-dc7d-4c5c-9f33-1953f1a38fdb","url":"/api/v1/geo/update-location"}
{"level":"info","message":"HTTP GET /api/v1/messages/conversations returned status 304","method":"GET","responseTimeMs":"135.518","status":"304","timestamp":"2026-07-03 01:35:29","traceId":"3511b648-4987-4c01-bbb5-8c0f18b0781d","url":"/api/v1/messages/conversations"}
{"level":"info","message":"HTTP GET /api/v1/jobs/my-jobs returned status 304","method":"GET","responseTimeMs":"152.930","status":"304","timestamp":"2026-07-03 01:35:38","traceId":"a54d1017-bddf-4bf6-a00b-b70cff5e33d2","url":"/api/v1/jobs/my-jobs"}
{"level":"info","message":"HTTP GET /api/v1/messages/conversations returned status 304","method":"GET","responseTimeMs":"116.939","status":"304","timestamp":"2026-07-03 01:35:40","traceId":"c1929a9c-7094-4f05-8293-b2ecaf349fc2","url":"/api/v1/messages/conversations"}
{"level":"info","message":"HTTP GET /api/v1/notifications returned status 304","method":"GET","responseTimeMs":"166.225","status":"304","timestamp":"2026-07-03 01:35:40","traceId":"cfae1061-2e2a-4d91-8a0f-b1f3d11f926a","url":"/api/v1/notifications"}
{"level":"info","message":"HTTP GET /api/v1/profile/me returned status 200","method":"GET","responseTimeMs":"302.333","status":"200","timestamp":"2026-07-03 01:35:40","traceId":"2470123c-888d-4e2a-a880-25a03e6dfa4e","url":"/api/v1/profile/me"}
{"level":"info","message":"HTTP GET /api/v1/profile/me returned status 304","method":"GET","responseTimeMs":"284.816","status":"304","timestamp":"2026-07-03 01:35:41","traceId":"052ce1c6-ed41-4906-b397-fba3889f6302","url":"/api/v1/profile/me"}
{"level":"info","message":"HTTP GET /api/v1/ads/active?platform=WEB returned status 304","method":"GET","responseTimeMs":"58.690","status":"304","timestamp":"2026-07-03 01:35:42","traceId":"f07f6863-b8e4-4f6a-9b53-d8b03390396e","url":"/api/v1/ads/active?platform=WEB"}
{"level":"info","message":"HTTP GET /api/v1/ads/active?platform=WEB returned status 304","method":"GET","responseTimeMs":"61.239","status":"304","timestamp":"2026-07-03 01:35:42","traceId":"74e18b97-d40c-4921-9d24-b3954e8279eb","url":"/api/v1/ads/active?platform=WEB"}
{"level":"info","message":"HTTP GET /api/v1/jobs/stats returned status 304","method":"GET","responseTimeMs":"260.349","status":"304","timestamp":"2026-07-03 01:35:42","traceId":"3f33d341-1e4f-49e7-89f2-71b46e15e9c8","url":"/api/v1/jobs/stats"}
{"level":"info","message":"HTTP GET /api/v1/ads/active?platform=WEB returned status 304","method":"GET","responseTimeMs":"61.473","status":"304","timestamp":"2026-07-03 01:57:46","traceId":"ae877ec4-285e-44cb-8b39-97b8b92b2f0d","url":"/api/v1/ads/active?platform=WEB"}
{"level":"info","message":"HTTP GET /api/v1/messages/conversations returned status 304","method":"GET","responseTimeMs":"107.035","status":"304","timestamp":"2026-07-03 01:57:46","traceId":"136247c0-03a7-4f1f-8af7-5ae65df55b54","url":"/api/v1/messages/conversations"}
{"level":"info","message":"HTTP GET /api/v1/ads/active?platform=WEB returned status 304","method":"GET","responseTimeMs":"97.314","status":"304","timestamp":"2026-07-03 01:57:46","traceId":"8f9d7e95-766e-4056-834b-8e2787c144bc","url":"/api/v1/ads/active?platform=WEB"}
{"level":"info","message":"HTTP GET /api/v1/notifications returned status 304","method":"GET","responseTimeMs":"184.754","status":"304","timestamp":"2026-07-03 01:57:46","traceId":"034b79fa-7e79-4662-a464-4ab607098e52","url":"/api/v1/notifications"}
{"level":"info","message":"HTTP GET /api/v1/jobs/stats returned status 304","method":"GET","responseTimeMs":"263.260","status":"304","timestamp":"2026-07-03 01:57:46","traceId":"13e50920-cf3b-47d7-9a1e-ac770ad2d64d","url":"/api/v1/jobs/stats"}
{"level":"info","message":"HTTP GET /api/v1/jobs?limit=6&status=open returned status 304","method":"GET","responseTimeMs":"494.796","status":"304","timestamp":"2026-07-03 01:57:46","traceId":"8f2d1ddd-ce2d-4067-8f8b-37f8286a2890","url":"/api/v1/jobs?limit=6&status=open"}
{"level":"info","message":"HTTP GET /api/v1/messages/conversations returned status 304","method":"GET","responseTimeMs":"122.392","status":"304","timestamp":"2026-07-03 02:02:00","traceId":"68e26fd0-a153-4af4-a17f-22522f36dd34","url":"/api/v1/messages/conversations"}
{"level":"info","message":"HTTP GET /api/v1/notifications returned status 304","method":"GET","responseTimeMs":"138.339","status":"304","timestamp":"2026-07-03 02:02:00","traceId":"b4a139a4-c2d9-4a3e-baa7-3e53a8d43fa0","url":"/api/v1/notifications"}
{"contentLength":"53","level":"info","message":"HTTP GET /api/v1/health returned status 200","method":"GET","responseTimeMs":"4.577","status":"200","timestamp":"2026-07-03 02:45:05","traceId":"9a056d3a-5718-4a1f-99fd-8c1f89f8400d","url":"/api/v1/health"}
{"contentLength":"67","level":"info","message":"HTTP POST /api/v1/auth/register returned status 200","method":"POST","responseTimeMs":"5183.760","status":"200","timestamp":"2026-07-03 02:45:10","traceId":"f707201d-14c1-4efe-8c7c-c6ef287a815c","url":"/api/v1/auth/register"}
{"contentLength":"69","level":"info","message":"HTTP POST /api/v1/auth/verify-registration returned status 200","method":"POST","responseTimeMs":"1500.103","status":"200","timestamp":"2026-07-03 02:45:11","traceId":"921e879c-0809-48c0-ade7-c21fec610cff","url":"/api/v1/auth/verify-registration"}
{"level":"info","message":"HTTP POST /api/v1/auth/verify-mobile returned status 201","method":"POST","responseTimeMs":"456.332","status":"201","timestamp":"2026-07-03 02:45:12","traceId":"9e23d4f5-9386-4736-81d5-e90259e0613e","url":"/api/v1/auth/verify-mobile"}
{"contentLength":"67","level":"info","message":"HTTP POST /api/v1/auth/register returned status 200","method":"POST","responseTimeMs":"5190.386","status":"200","timestamp":"2026-07-03 02:45:17","traceId":"cf8f2cee-8422-463d-b461-befd3f8a5e92","url":"/api/v1/auth/register"}
{"contentLength":"69","level":"info","message":"HTTP POST /api/v1/auth/verify-registration returned status 200","method":"POST","responseTimeMs":"614.621","status":"200","timestamp":"2026-07-03 02:45:17","traceId":"342e8561-b17a-48f9-af16-83012216d118","url":"/api/v1/auth/verify-registration"}
{"level":"info","message":"HTTP POST /api/v1/auth/verify-mobile returned status 201","method":"POST","responseTimeMs":"459.129","status":"201","timestamp":"2026-07-03 02:45:18","traceId":"0dcdc645-01bf-40f5-822c-286f5aac53ef","url":"/api/v1/auth/verify-mobile"}
{"level":"info","message":"HTTP POST /api/v1/auth/login returned status 200","method":"POST","responseTimeMs":"933.419","status":"200","timestamp":"2026-07-03 02:45:19","traceId":"f8e63d71-ecf0-4941-93a9-fb6314ee32aa","url":"/api/v1/auth/login"}
{"level":"info","message":"HTTP GET /api/v1/auth/me returned status 200","method":"GET","responseTimeMs":"373.934","status":"200","timestamp":"2026-07-03 02:45:19","traceId":"ce688b2e-3b56-4fcc-a209-f7b5d03146d6","url":"/api/v1/auth/me"}
{"level":"info","message":"HTTP GET /api/v1/profile/me returned status 200","method":"GET","responseTimeMs":"372.210","status":"200","timestamp":"2026-07-03 02:45:20","traceId":"a83d4888-9ae0-41ef-8715-ac55801ec143","url":"/api/v1/profile/me"}
{"contentLength":"67","level":"info","message":"HTTP POST /api/v1/kyc/aadhaar/submit returned status 200","method":"POST","responseTimeMs":"374.931","status":"200","timestamp":"2026-07-03 02:45:20","traceId":"d0167510-fe67-4747-a52b-d9d01c3db0bd","url":"/api/v1/kyc/aadhaar/submit"}
{"contentLength":"63","level":"info","message":"HTTP POST /api/v1/kyc/pan/submit returned status 200","method":"POST","responseTimeMs":"299.197","status":"200","timestamp":"2026-07-03 02:45:20","traceId":"33ef54de-de18-4935-aa9e-78ac878fe739","url":"/api/v1/kyc/pan/submit"}
{"contentLength":"733","level":"info","message":"HTTP POST /api/v1/jobs returned status 201","method":"POST","responseTimeMs":"276.892","status":"201","timestamp":"2026-07-03 02:45:21","traceId":"9924cd49-5173-4b52-b29b-0a8ea1b234d3","url":"/api/v1/jobs"}
{"level":"info","message":"HTTP GET /api/v1/jobs returned status 200","method":"GET","responseTimeMs":"462.020","status":"200","timestamp":"2026-07-03 02:45:21","traceId":"9339b5cf-b039-4706-b14d-162d3c51f1f8","url":"/api/v1/jobs"}
{"contentLength":"745","level":"info","message":"HTTP GET /api/v1/jobs/my-jobs returned status 200","method":"GET","responseTimeMs":"107.743","status":"200","timestamp":"2026-07-03 02:45:21","traceId":"c4cec7e9-5943-4968-b36c-925a980a57b3","url":"/api/v1/jobs/my-jobs"}
{"contentLength":"901","level":"info","message":"HTTP GET /api/v1/dashboard/client returned status 200","method":"GET","responseTimeMs":"308.500","status":"200","timestamp":"2026-07-03 02:45:22","traceId":"339b0c75-9053-4adf-8d10-546764ade726","url":"/api/v1/dashboard/client"}
{"contentLength":"176","level":"info","message":"HTTP GET /api/v1/dashboard/freelancer returned status 200","method":"GET","responseTimeMs":"177.650","status":"200","timestamp":"2026-07-03 02:45:22","traceId":"1b88f1f6-49f2-46f7-b736-d76455a66463","url":"/api/v1/dashboard/freelancer"}
{"contentLength":"67","level":"info","message":"HTTP POST /api/v1/kyc/aadhaar/submit returned status 200","method":"POST","responseTimeMs":"366.990","status":"200","timestamp":"2026-07-03 02:45:22","traceId":"b8ec2d3c-7ac2-43f7-b5db-e0087fd28dd7","url":"/api/v1/kyc/aadhaar/submit"}
{"contentLength":"63","level":"info","message":"HTTP POST /api/v1/kyc/pan/submit returned status 200","method":"POST","responseTimeMs":"279.112","status":"200","timestamp":"2026-07-03 02:45:22","traceId":"ded1e74f-f530-412b-b361-ff6f2d860b05","url":"/api/v1/kyc/pan/submit"}
{"contentLength":"318","level":"info","message":"HTTP POST /api/v1/proposals/6a46d4e85afd501469844d5e returned status 201","method":"POST","responseTimeMs":"1289.796","status":"201","timestamp":"2026-07-03 02:45:24","traceId":"3962ed83-f557-424a-9071-f5c9bb258daf","url":"/api/v1/proposals/6a46d4e85afd501469844d5e"}
{"level":"info","message":"HTTP GET /api/v1/auth/me returned status 200","method":"GET","responseTimeMs":"366.163","status":"200","timestamp":"2026-07-03 02:45:24","traceId":"d6c7cb2d-64a5-4092-8f24-a043323cfe27","url":"/api/v1/auth/me"}
{"contentLength":"595","level":"info","message":"HTTP POST /api/v1/messages returned status 201","method":"POST","responseTimeMs":"431.496","status":"201","timestamp":"2026-07-03 02:45:24","traceId":"d4fcf038-799c-4690-a829-9bc7ce995298","url":"/api/v1/messages"}
{"contentLength":"44","level":"info","message":"HTTP PUT /api/v1/profile/update returned status 200","method":"PUT","responseTimeMs":"168.461","status":"200","timestamp":"2026-07-03 02:45:25","traceId":"e191334c-0736-47d2-8178-292253d91495","url":"/api/v1/profile/update"}
{"level":"info","message":"HTTP GET /api/v1/profile/me returned status 200","method":"GET","responseTimeMs":"304.930","status":"200","timestamp":"2026-07-03 02:45:25","traceId":"a8b7085b-b660-4386-95aa-fee290d5b390","url":"/api/v1/profile/me"}
{"level":"info","message":"HTTP POST /api/v1/jobs/smart-match returned status 200","method":"POST","responseTimeMs":"113.840","status":"200","timestamp":"2026-07-03 02:45:25","traceId":"2f353e75-74ff-4c86-8d1e-6064440667ff","url":"/api/v1/jobs/smart-match"}
{"contentLength":"36","level":"info","message":"HTTP POST /api/v1/jobs/smart-match returned status 200","method":"POST","responseTimeMs":"111.764","status":"200","timestamp":"2026-07-03 02:45:25","traceId":"179cdd28-b7df-47e6-9376-aaa7b38ed451","url":"/api/v1/jobs/smart-match"}
{"contentLength":"745","level":"info","message":"HTTP POST /api/v1/jobs returned status 201","method":"POST","responseTimeMs":"233.047","status":"201","timestamp":"2026-07-03 02:45:25","traceId":"6fb67cf3-7cd6-4442-ad32-0f3c84f3a251","url":"/api/v1/jobs"}
{"level":"info","message":"HTTP GET /api/v1/notifications returned status 200","method":"GET","responseTimeMs":"211.340","status":"200","timestamp":"2026-07-03 02:45:27","traceId":"556ceb0d-1bcd-48ad-9525-c88e740e9c61","url":"/api/v1/notifications"}
{"contentLength":"124","level":"info","message":"HTTP GET /api/v1/health/test-phase3?jobId=6a46d4ed5afd501469844d69 returned status 200","method":"GET","responseTimeMs":"231.349","status":"200","timestamp":"2026-07-03 02:45:27","traceId":"5c9be655-6994-4f4e-a229-f1669d9add04","url":"/api/v1/health/test-phase3?jobId=6a46d4ed5afd501469844d69"}
{"contentLength":"620","level":"info","message":"HTTP GET /api/v1/health/test-phase4 returned status 500","method":"GET","responseTimeMs":"5231.125","status":"500","timestamp":"2026-07-03 02:45:32","traceId":"c75c4889-8e89-44b1-9f4d-dc9775b3ae00","url":"/api/v1/health/test-phase4"}
{"contentLength":"169","level":"info","message":"HTTP GET /api/v1/health/test-phase5 returned status 200","method":"GET","responseTimeMs":"1312.412","status":"200","timestamp":"2026-07-03 02:45:33","traceId":"15ebaa53-ad25-4b8a-8114-b356f39455af","url":"/api/v1/health/test-phase5"}
{"contentLength":"620","level":"info","message":"HTTP GET /api/v1/health/test-phase4 returned status 500","method":"GET","responseTimeMs":"1369.585","status":"500","timestamp":"2026-07-03 02:46:18","traceId":"79a90939-7c29-423e-8fac-6296ba8f1f15","url":"/api/v1/health/test-phase4"}
{"contentLength":"181","level":"info","message":"HTTP GET /api/v1/health/test-phase4 returned status 200","method":"GET","responseTimeMs":"2037.622","status":"200","timestamp":"2026-07-03 02:47:13","traceId":"c5b2c2ea-d283-4781-977e-91630d0e2c14","url":"/api/v1/health/test-phase4"}
{"contentLength":"180","level":"info","message":"HTTP GET /api/v1/health/test-phase4 returned status 200","method":"GET","responseTimeMs":"2366.486","status":"200","timestamp":"2026-07-03 02:48:23","traceId":"7a7827b3-9b32-442f-9cba-4966b32783ca","url":"/api/v1/health/test-phase4"}
{"contentLength":"53","level":"info","message":"HTTP GET /api/v1/health returned status 200","method":"GET","responseTimeMs":"2.475","status":"200","timestamp":"2026-07-03 02:49:13","traceId":"6ef99dcb-a455-43b4-b5d8-5b45518644a8","url":"/api/v1/health"}
{"contentLength":"67","level":"info","message":"HTTP POST /api/v1/auth/register returned status 200","method":"POST","responseTimeMs":"6014.634","status":"200","timestamp":"2026-07-03 02:49:19","traceId":"e4159380-75f3-4ff0-8b0e-58187dd93239","url":"/api/v1/auth/register"}
{"contentLength":"69","level":"info","message":"HTTP POST /api/v1/auth/verify-registration returned status 200","method":"POST","responseTimeMs":"797.751","status":"200","timestamp":"2026-07-03 02:49:19","traceId":"6bf35735-db77-4602-bd73-aa5c995f0a8e","url":"/api/v1/auth/verify-registration"}
{"level":"info","message":"HTTP POST /api/v1/auth/verify-mobile returned status 201","method":"POST","responseTimeMs":"469.542","status":"201","timestamp":"2026-07-03 02:49:20","traceId":"460a01c5-7dd6-4d56-a778-bc527d6306fb","url":"/api/v1/auth/verify-mobile"}
{"contentLength":"67","level":"info","message":"HTTP POST /api/v1/auth/register returned status 200","method":"POST","responseTimeMs":"5403.086","status":"200","timestamp":"2026-07-03 02:49:25","traceId":"561cec9a-b7c5-4ac2-b637-c76348d294c3","url":"/api/v1/auth/register"}
{"contentLength":"69","level":"info","message":"HTTP POST /api/v1/auth/verify-registration returned status 200","method":"POST","responseTimeMs":"1160.369","status":"200","timestamp":"2026-07-03 02:49:26","traceId":"02480ba7-da29-4b6b-a22e-87381757fd2b","url":"/api/v1/auth/verify-registration"}
{"level":"info","message":"HTTP POST /api/v1/auth/verify-mobile returned status 201","method":"POST","responseTimeMs":"444.359","status":"201","timestamp":"2026-07-03 02:49:27","traceId":"59ac6f79-737a-4310-8186-610e153cc8a0","url":"/api/v1/auth/verify-mobile"}
{"level":"info","message":"HTTP POST /api/v1/auth/login returned status 200","method":"POST","responseTimeMs":"1296.447","status":"200","timestamp":"2026-07-03 02:49:28","traceId":"2aa5f4b1-fd73-4d8c-8eb6-6a91ef614b5e","url":"/api/v1/auth/login"}
{"level":"info","message":"HTTP GET /api/v1/auth/me returned status 200","method":"GET","responseTimeMs":"280.150","status":"200","timestamp":"2026-07-03 02:49:28","traceId":"df47e349-9fc1-4702-80b6-ccedd85160f5","url":"/api/v1/auth/me"}
{"level":"info","message":"HTTP GET /api/v1/profile/me returned status 200","method":"GET","responseTimeMs":"838.255","status":"200","timestamp":"2026-07-03 02:49:29","traceId":"bc933388-6ed0-41ab-9743-f985ad459b5a","url":"/api/v1/profile/me"}
{"contentLength":"67","level":"info","message":"HTTP POST /api/v1/kyc/aadhaar/submit returned status 200","method":"POST","responseTimeMs":"342.756","status":"200","timestamp":"2026-07-03 02:49:30","traceId":"cdd17c7b-a4ff-4d42-a5ec-eb39347b9150","url":"/api/v1/kyc/aadhaar/submit"}
{"contentLength":"63","level":"info","message":"HTTP POST /api/v1/kyc/pan/submit returned status 200","method":"POST","responseTimeMs":"276.779","status":"200","timestamp":"2026-07-03 02:49:30","traceId":"26b2c719-81ce-49eb-9bf8-3bef6b566b93","url":"/api/v1/kyc/pan/submit"}
{"contentLength":"733","level":"info","message":"HTTP POST /api/v1/jobs returned status 201","method":"POST","responseTimeMs":"743.988","status":"201","timestamp":"2026-07-03 02:49:31","traceId":"ede9f416-565c-4d09-939a-1465b831ef7f","url":"/api/v1/jobs"}
{"level":"info","message":"HTTP GET /api/v1/jobs returned status 200","method":"GET","responseTimeMs":"462.876","status":"200","timestamp":"2026-07-03 02:49:31","traceId":"1e105cb5-5b97-4e2a-9bb5-a111d5ccc2ff","url":"/api/v1/jobs"}
{"contentLength":"745","level":"info","message":"HTTP GET /api/v1/jobs/my-jobs returned status 200","method":"GET","responseTimeMs":"98.797","status":"200","timestamp":"2026-07-03 02:49:31","traceId":"e426a3d3-1091-488d-a83d-33f240f50cb2","url":"/api/v1/jobs/my-jobs"}
{"contentLength":"901","level":"info","message":"HTTP GET /api/v1/dashboard/client returned status 200","method":"GET","responseTimeMs":"236.687","status":"200","timestamp":"2026-07-03 02:49:32","traceId":"6767abec-cae3-45dd-b0f8-bcdfb3cf07e2","url":"/api/v1/dashboard/client"}
{"contentLength":"176","level":"info","message":"HTTP GET /api/v1/dashboard/freelancer returned status 200","method":"GET","responseTimeMs":"153.299","status":"200","timestamp":"2026-07-03 02:49:32","traceId":"2ab36897-1422-4e5a-9043-1914099ae878","url":"/api/v1/dashboard/freelancer"}
{"contentLength":"67","level":"info","message":"HTTP POST /api/v1/kyc/aadhaar/submit returned status 200","method":"POST","responseTimeMs":"292.683","status":"200","timestamp":"2026-07-03 02:49:32","traceId":"c34a0f69-0d62-47f4-b8d0-934d7363945c","url":"/api/v1/kyc/aadhaar/submit"}
{"contentLength":"63","level":"info","message":"HTTP POST /api/v1/kyc/pan/submit returned status 200","method":"POST","responseTimeMs":"286.431","status":"200","timestamp":"2026-07-03 02:49:32","traceId":"369e4e6a-6729-4c97-9567-19f49ac924b6","url":"/api/v1/kyc/pan/submit"}
{"contentLength":"318","level":"info","message":"HTTP POST /api/v1/proposals/6a46d5e2e6e09b9217b6e98c returned status 201","method":"POST","responseTimeMs":"544.001","status":"201","timestamp":"2026-07-03 02:49:33","traceId":"66d355ab-b797-4e01-9bec-4c50ac6f9b3c","url":"/api/v1/proposals/6a46d5e2e6e09b9217b6e98c"}
{"level":"info","message":"HTTP GET /api/v1/auth/me returned status 200","method":"GET","responseTimeMs":"365.158","status":"200","timestamp":"2026-07-03 02:49:33","traceId":"35e4437c-2a1c-4723-8802-d82be7cb78ef","url":"/api/v1/auth/me"}
{"contentLength":"595","level":"info","message":"HTTP POST /api/v1/messages returned status 201","method":"POST","responseTimeMs":"377.035","status":"201","timestamp":"2026-07-03 02:49:34","traceId":"f5ad810d-d2ee-4297-9c54-7e609f081f32","url":"/api/v1/messages"}
{"contentLength":"44","level":"info","message":"HTTP PUT /api/v1/profile/update returned status 200","method":"PUT","responseTimeMs":"144.947","status":"200","timestamp":"2026-07-03 02:49:34","traceId":"0e802d88-b1fc-4a74-b8b4-46f493a62f8c","url":"/api/v1/profile/update"}
{"level":"info","message":"HTTP GET /api/v1/profile/me returned status 200","method":"GET","responseTimeMs":"234.984","status":"200","timestamp":"2026-07-03 02:49:34","traceId":"f975f263-8cfb-4ce2-9e67-fe853bffff12","url":"/api/v1/profile/me"}
{"level":"info","message":"HTTP POST /api/v1/jobs/smart-match returned status 200","method":"POST","responseTimeMs":"128.525","status":"200","timestamp":"2026-07-03 02:49:34","traceId":"10e4f815-5b14-4559-bbea-6928aed8f3cb","url":"/api/v1/jobs/smart-match"}
{"contentLength":"36","level":"info","message":"HTTP POST /api/v1/jobs/smart-match returned status 200","method":"POST","responseTimeMs":"91.872","status":"200","timestamp":"2026-07-03 02:49:34","traceId":"6602aba8-b3a9-459b-9619-7f45e1ad8a70","url":"/api/v1/jobs/smart-match"}
{"contentLength":"745","level":"info","message":"HTTP POST /api/v1/jobs returned status 201","method":"POST","responseTimeMs":"200.572","status":"201","timestamp":"2026-07-03 02:49:34","traceId":"46c95035-c425-4ee8-8441-c4386b6ccd29","url":"/api/v1/jobs"}
{"level":"info","message":"HTTP GET /api/v1/notifications returned status 200","method":"GET","responseTimeMs":"597.808","status":"200","timestamp":"2026-07-03 02:49:36","traceId":"a4449131-0734-4382-b014-fc2ef06be7ca","url":"/api/v1/notifications"}
{"contentLength":"124","level":"info","message":"HTTP GET /api/v1/health/test-phase3?jobId=6a46d5e6e6e09b9217b6e998 returned status 200","method":"GET","responseTimeMs":"200.483","status":"200","timestamp":"2026-07-03 02:49:36","traceId":"fdb3a8a2-140f-4fee-9b08-77a3a57893ff","url":"/api/v1/health/test-phase3?jobId=6a46d5e6e6e09b9217b6e998"}
{"contentLength":"180","level":"info","message":"HTTP GET /api/v1/health/test-phase4 returned status 200","method":"GET","responseTimeMs":"3330.343","status":"200","timestamp":"2026-07-03 02:49:40","traceId":"a2d6b9ee-3dfd-4871-a8ac-a51fbf7c4061","url":"/api/v1/health/test-phase4"}
{"contentLength":"169","level":"info","message":"HTTP GET /api/v1/health/test-phase5 returned status 200","method":"GET","responseTimeMs":"418.128","status":"200","timestamp":"2026-07-03 02:49:40","traceId":"e7f72888-96fa-480d-b06b-f9c20ae9a6f8","url":"/api/v1/health/test-phase5"}
{"contentLength":"53","level":"info","message":"HTTP GET /api/v1/health returned status 200","method":"GET","responseTimeMs":"1.023","status":"200","timestamp":"2026-07-03 03:00:24","traceId":"fa3c972c-f3c2-4763-a7c7-5eb6726a1263","url":"/api/v1/health"}
{"contentLength":"67","level":"info","message":"HTTP POST /api/v1/auth/register returned status 200","method":"POST","responseTimeMs":"4725.705","status":"200","timestamp":"2026-07-03 03:00:29","traceId":"0a7deb00-212c-488f-ba89-1e289c3b24d0","url":"/api/v1/auth/register"}
{"contentLength":"69","level":"info","message":"HTTP POST /api/v1/auth/verify-registration returned status 200","method":"POST","responseTimeMs":"2099.923","status":"200","timestamp":"2026-07-03 03:00:31","traceId":"58c6deb6-aeeb-4d6f-be95-56341f79b303","url":"/api/v1/auth/verify-registration"}
{"level":"info","message":"HTTP POST /api/v1/auth/verify-mobile returned status 201","method":"POST","responseTimeMs":"458.987","status":"201","timestamp":"2026-07-03 03:00:31","traceId":"c68eee4a-57fc-46d5-8d09-97fdb146ef68","url":"/api/v1/auth/verify-mobile"}
{"contentLength":"67","level":"info","message":"HTTP POST /api/v1/auth/register returned status 200","method":"POST","responseTimeMs":"6858.497","status":"200","timestamp":"2026-07-03 03:00:38","traceId":"ef465e03-8baf-4bfb-9efd-fd393d363213","url":"/api/v1/auth/register"}
{"contentLength":"69","level":"info","message":"HTTP POST /api/v1/auth/verify-registration returned status 200","method":"POST","responseTimeMs":"3787.204","status":"200","timestamp":"2026-07-03 03:00:42","traceId":"e62ecae1-bb27-421d-9eeb-b84ca763f498","url":"/api/v1/auth/verify-registration"}
{"level":"info","message":"HTTP POST /api/v1/auth/verify-mobile returned status 201","method":"POST","responseTimeMs":"523.809","status":"201","timestamp":"2026-07-03 03:00:42","traceId":"3c399c87-9841-4fa0-b5b1-b4270b6673a1","url":"/api/v1/auth/verify-mobile"}
{"level":"info","message":"HTTP POST /api/v1/auth/login returned status 200","method":"POST","responseTimeMs":"1414.899","status":"200","timestamp":"2026-07-03 03:00:44","traceId":"9398ce6d-d9fc-4e9c-b097-0603cd7ce988","url":"/api/v1/auth/login"}
{"level":"info","message":"HTTP GET /api/v1/auth/me returned status 200","method":"GET","responseTimeMs":"301.616","status":"200","timestamp":"2026-07-03 03:00:44","traceId":"fd87b18d-dcb2-4081-bb51-b62f45a0b8e5","url":"/api/v1/auth/me"}
{"level":"info","message":"HTTP GET /api/v1/profile/me returned status 200","method":"GET","responseTimeMs":"338.643","status":"200","timestamp":"2026-07-03 03:00:44","traceId":"207a52f4-45c6-433b-96bb-379fba5290d7","url":"/api/v1/profile/me"}
{"contentLength":"67","level":"info","message":"HTTP POST /api/v1/kyc/aadhaar/submit returned status 200","method":"POST","responseTimeMs":"360.532","status":"200","timestamp":"2026-07-03 03:00:45","traceId":"6707de88-16cb-42fc-b0ca-3bde875a813a","url":"/api/v1/kyc/aadhaar/submit"}
{"contentLength":"63","level":"info","message":"HTTP POST /api/v1/kyc/pan/submit returned status 200","method":"POST","responseTimeMs":"293.324","status":"200","timestamp":"2026-07-03 03:00:45","traceId":"7835a366-d9b0-4217-be1c-29c04108b164","url":"/api/v1/kyc/pan/submit"}
{"contentLength":"733","level":"info","message":"HTTP POST /api/v1/jobs returned status 201","method":"POST","responseTimeMs":"287.185","status":"201","timestamp":"2026-07-03 03:00:45","traceId":"4fb59d4d-18c9-447c-84b9-1283dbbac25f","url":"/api/v1/jobs"}
{"level":"info","message":"HTTP GET /api/v1/jobs returned status 200","method":"GET","responseTimeMs":"457.172","status":"200","timestamp":"2026-07-03 03:00:46","traceId":"aaa1ead3-37fa-446c-a09f-5483c78e3a72","url":"/api/v1/jobs"}
{"contentLength":"745","level":"info","message":"HTTP GET /api/v1/jobs/my-jobs returned status 200","method":"GET","responseTimeMs":"124.599","status":"200","timestamp":"2026-07-03 03:00:46","traceId":"16e5b20a-2ccb-4cec-816e-59ba63795335","url":"/api/v1/jobs/my-jobs"}
{"contentLength":"901","level":"info","message":"HTTP GET /api/v1/dashboard/client returned status 200","method":"GET","responseTimeMs":"309.943","status":"200","timestamp":"2026-07-03 03:00:46","traceId":"53ec956f-59ba-4b47-8d5c-50258715d8a7","url":"/api/v1/dashboard/client"}
{"contentLength":"176","level":"info","message":"HTTP GET /api/v1/dashboard/freelancer returned status 200","method":"GET","responseTimeMs":"715.755","status":"200","timestamp":"2026-07-03 03:00:47","traceId":"aeb0481f-02db-4586-a14b-d20f73cd24c5","url":"/api/v1/dashboard/freelancer"}
{"contentLength":"67","level":"info","message":"HTTP POST /api/v1/kyc/aadhaar/submit returned status 200","method":"POST","responseTimeMs":"4049.236","status":"200","timestamp":"2026-07-03 03:00:51","traceId":"bb701205-d89e-4bb9-bbec-6399ade97445","url":"/api/v1/kyc/aadhaar/submit"}
{"contentLength":"63","level":"info","message":"HTTP POST /api/v1/kyc/pan/submit returned status 200","method":"POST","responseTimeMs":"1180.673","status":"200","timestamp":"2026-07-03 03:00:52","traceId":"84cc5367-8df9-455e-88db-c3e4484f017f","url":"/api/v1/kyc/pan/submit"}
{"contentLength":"318","level":"info","message":"HTTP POST /api/v1/proposals/6a46d885ea3ed3fa434197f2 returned status 201","method":"POST","responseTimeMs":"463.303","status":"201","timestamp":"2026-07-03 03:00:53","traceId":"077455b3-1942-4762-b67b-0a577d9dfdf9","url":"/api/v1/proposals/6a46d885ea3ed3fa434197f2"}
{"level":"info","message":"HTTP GET /api/v1/auth/me returned status 200","method":"GET","responseTimeMs":"373.677","status":"200","timestamp":"2026-07-03 03:00:53","traceId":"9932fee3-c622-48a0-a89c-99ce1c72ac23","url":"/api/v1/auth/me"}
{"contentLength":"595","level":"info","message":"HTTP POST /api/v1/messages returned status 201","method":"POST","responseTimeMs":"469.957","status":"201","timestamp":"2026-07-03 03:00:54","traceId":"302560a4-1b6a-4984-9276-ee6efeaa6db1","url":"/api/v1/messages"}
{"contentLength":"44","level":"info","message":"HTTP PUT /api/v1/profile/update returned status 200","method":"PUT","responseTimeMs":"170.989","status":"200","timestamp":"2026-07-03 03:00:54","traceId":"b71f9b2e-cca8-4483-8209-918b00e9029b","url":"/api/v1/profile/update"}
{"level":"info","message":"HTTP GET /api/v1/profile/me returned status 200","method":"GET","responseTimeMs":"301.327","status":"200","timestamp":"2026-07-03 03:00:54","traceId":"f8bd583d-85d9-4211-8222-4608ad475457","url":"/api/v1/profile/me"}
{"level":"info","message":"HTTP POST /api/v1/jobs/smart-match returned status 200","method":"POST","responseTimeMs":"127.176","status":"200","timestamp":"2026-07-03 03:00:54","traceId":"a5539884-65c2-47d2-a94f-86b5066ca127","url":"/api/v1/jobs/smart-match"}
{"contentLength":"36","level":"info","message":"HTTP POST /api/v1/jobs/smart-match returned status 200","method":"POST","responseTimeMs":"117.025","status":"200","timestamp":"2026-07-03 03:00:54","traceId":"ee7b6b3b-cfbc-45d4-8e85-a3b0d5cad1a7","url":"/api/v1/jobs/smart-match"}
{"contentLength":"745","level":"info","message":"HTTP POST /api/v1/jobs returned status 201","method":"POST","responseTimeMs":"1483.205","status":"201","timestamp":"2026-07-03 03:00:56","traceId":"41e479f2-639d-46ec-8e79-891ed36769e9","url":"/api/v1/jobs"}
{"contentLength":"835","level":"info","message":"HTTP GET /api/v1/notifications returned status 200","method":"GET","responseTimeMs":"3505.845","status":"200","timestamp":"2026-07-03 03:01:00","traceId":"2c5824d7-7369-4436-aad7-8f4eb3d7c7c2","url":"/api/v1/notifications"}
{"contentLength":"124","level":"info","message":"HTTP GET /api/v1/health/test-phase3?jobId=6a46d88eea3ed3fa434197ff returned status 200","method":"GET","responseTimeMs":"249.517","status":"200","timestamp":"2026-07-03 03:01:01","traceId":"1e81c110-0d81-4e61-9c92-2d78e2f6b4b0","url":"/api/v1/health/test-phase3?jobId=6a46d88eea3ed3fa434197ff"}
{"contentLength":"180","level":"info","message":"HTTP GET /api/v1/health/test-phase4 returned status 200","method":"GET","responseTimeMs":"7352.768","status":"200","timestamp":"2026-07-03 03:01:08","traceId":"6ce0694d-ada2-46ab-9258-0a9f684c3a00","url":"/api/v1/health/test-phase4"}
{"contentLength":"169","level":"info","message":"HTTP GET /api/v1/health/test-phase5 returned status 200","method":"GET","responseTimeMs":"1213.230","status":"200","timestamp":"2026-07-03 03:01:09","traceId":"17a95238-46c1-475e-9409-2cd6dc00b733","url":"/api/v1/health/test-phase5"}
{"contentLength":"53","level":"info","message":"HTTP GET /api/v1/health returned status 200","method":"GET","responseTimeMs":"0.204","status":"200","timestamp":"2026-07-03 03:01:17","traceId":"563efeb7-c22c-4faa-8d91-c07d164650c0","url":"/api/v1/health"}
{"contentLength":"67","level":"info","message":"HTTP POST /api/v1/auth/register returned status 200","method":"POST","responseTimeMs":"6048.973","status":"200","timestamp":"2026-07-03 03:01:23","traceId":"b41543ca-536f-4a6f-b71e-747cf83b10bc","url":"/api/v1/auth/register"}
{"contentLength":"69","level":"info","message":"HTTP POST /api/v1/auth/verify-registration returned status 200","method":"POST","responseTimeMs":"1046.728","status":"200","timestamp":"2026-07-03 03:01:24","traceId":"54055f9c-38ab-4cfb-9964-21da8552e71c","url":"/api/v1/auth/verify-registration"}
{"level":"info","message":"HTTP POST /api/v1/auth/verify-mobile returned status 201","method":"POST","responseTimeMs":"459.030","status":"201","timestamp":"2026-07-03 03:01:24","traceId":"825bc14c-f14e-4568-b4e2-e2c0f6a44326","url":"/api/v1/auth/verify-mobile"}
{"contentLength":"67","level":"info","message":"HTTP POST /api/v1/auth/register returned status 200","method":"POST","responseTimeMs":"8535.471","status":"200","timestamp":"2026-07-03 03:01:33","traceId":"2dfbf8e9-0123-4b55-a003-d5ee8c4345e6","url":"/api/v1/auth/register"}
{"contentLength":"69","level":"info","message":"HTTP POST /api/v1/auth/verify-registration returned status 200","method":"POST","responseTimeMs":"1633.552","status":"200","timestamp":"2026-07-03 03:01:35","traceId":"b2d73a2a-0a0a-4209-9993-34fe4d5dd1a9","url":"/api/v1/auth/verify-registration"}
{"level":"info","message":"HTTP POST /api/v1/auth/verify-mobile returned status 201","method":"POST","responseTimeMs":"475.342","status":"201","timestamp":"2026-07-03 03:01:35","traceId":"3f1b64b2-4d99-44f5-865d-9a8ff03a03f6","url":"/api/v1/auth/verify-mobile"}
{"level":"info","message":"HTTP POST /api/v1/auth/login returned status 200","method":"POST","responseTimeMs":"1476.188","status":"200","timestamp":"2026-07-03 03:01:37","traceId":"9ec68b1f-d39e-4ec9-8acb-5a5292eb2a4c","url":"/api/v1/auth/login"}
{"level":"info","message":"HTTP GET /api/v1/auth/me returned status 200","method":"GET","responseTimeMs":"1165.445","status":"200","timestamp":"2026-07-03 03:01:38","traceId":"5f513a37-a4f6-4737-b314-a0467217a975","url":"/api/v1/auth/me"}
{"level":"info","message":"HTTP GET /api/v1/profile/me returned status 200","method":"GET","responseTimeMs":"1843.843","status":"200","timestamp":"2026-07-03 03:01:40","traceId":"6cab0d03-bc9a-476e-802f-cfc27eeb0e9e","url":"/api/v1/profile/me"}
{"contentLength":"67","level":"info","message":"HTTP POST /api/v1/kyc/aadhaar/submit returned status 200","method":"POST","responseTimeMs":"350.510","status":"200","timestamp":"2026-07-03 03:01:40","traceId":"14c80331-3233-4706-8e31-ec6992d6d816","url":"/api/v1/kyc/aadhaar/submit"}
{"contentLength":"63","level":"info","message":"HTTP POST /api/v1/kyc/pan/submit returned status 200","method":"POST","responseTimeMs":"292.564","status":"200","timestamp":"2026-07-03 03:01:40","traceId":"d35ec255-894e-4c48-aaa3-d09105aa4835","url":"/api/v1/kyc/pan/submit"}
{"contentLength":"733","level":"info","message":"HTTP POST /api/v1/jobs returned status 201","method":"POST","responseTimeMs":"240.403","status":"201","timestamp":"2026-07-03 03:01:40","traceId":"82302aaf-c47e-4aea-bfcb-6fb97fd31476","url":"/api/v1/jobs"}
{"level":"info","message":"HTTP GET /api/v1/jobs returned status 200","method":"GET","responseTimeMs":"1363.144","status":"200","timestamp":"2026-07-03 03:01:42","traceId":"d2eeba67-397d-4f02-9df4-aaea7753b4c3","url":"/api/v1/jobs"}
{"contentLength":"745","level":"info","message":"HTTP GET /api/v1/jobs/my-jobs returned status 200","method":"GET","responseTimeMs":"103.570","status":"200","timestamp":"2026-07-03 03:01:42","traceId":"cbcfa488-00ab-4696-a61a-a501b5e2b8c2","url":"/api/v1/jobs/my-jobs"}
{"contentLength":"901","level":"info","message":"HTTP GET /api/v1/dashboard/client returned status 200","method":"GET","responseTimeMs":"271.158","status":"200","timestamp":"2026-07-03 03:01:42","traceId":"78c186f1-a9dc-499e-ad7a-b100af587733","url":"/api/v1/dashboard/client"}
{"contentLength":"176","level":"info","message":"HTTP GET /api/v1/dashboard/freelancer returned status 200","method":"GET","responseTimeMs":"154.470","status":"200","timestamp":"2026-07-03 03:01:42","traceId":"b478baaf-10cf-43df-b3cd-dd37f932471f","url":"/api/v1/dashboard/freelancer"}
{"contentLength":"67","level":"info","message":"HTTP POST /api/v1/kyc/aadhaar/submit returned status 200","method":"POST","responseTimeMs":"348.178","status":"200","timestamp":"2026-07-03 03:01:43","traceId":"071251e0-a7bf-4c04-bf11-6ad0db1001bd","url":"/api/v1/kyc/aadhaar/submit"}
{"contentLength":"63","level":"info","message":"HTTP POST /api/v1/kyc/pan/submit returned status 200","method":"POST","responseTimeMs":"285.246","status":"200","timestamp":"2026-07-03 03:01:43","traceId":"cba65229-d7fb-465a-a5ab-4d3055057616","url":"/api/v1/kyc/pan/submit"}
{"contentLength":"318","level":"info","message":"HTTP POST /api/v1/proposals/6a46d8bcea3ed3fa43419828 returned status 201","method":"POST","responseTimeMs":"454.053","status":"201","timestamp":"2026-07-03 03:01:43","traceId":"2cbc1fdc-13ba-42e8-9608-c48263ac0360","url":"/api/v1/proposals/6a46d8bcea3ed3fa43419828"}
{"level":"info","message":"HTTP GET /api/v1/auth/me returned status 200","method":"GET","responseTimeMs":"276.992","status":"200","timestamp":"2026-07-03 03:01:44","traceId":"3ad93ad9-4668-4f3f-9c1a-0d8e52b44e66","url":"/api/v1/auth/me"}
{"contentLength":"595","level":"info","message":"HTTP POST /api/v1/messages returned status 201","method":"POST","responseTimeMs":"465.154","status":"201","timestamp":"2026-07-03 03:01:44","traceId":"e2addf20-761f-4bdb-b956-93fa201b3704","url":"/api/v1/messages"}
{"contentLength":"44","level":"info","message":"HTTP PUT /api/v1/profile/update returned status 200","method":"PUT","responseTimeMs":"177.448","status":"200","timestamp":"2026-07-03 03:01:44","traceId":"b128710d-a40a-4402-a35b-a79037ea5c8c","url":"/api/v1/profile/update"}
{"level":"info","message":"HTTP GET /api/v1/profile/me returned status 200","method":"GET","responseTimeMs":"1993.247","status":"200","timestamp":"2026-07-03 03:01:46","traceId":"ace5c853-3b44-4c44-bc16-8e5acc197acc","url":"/api/v1/profile/me"}
{"level":"info","message":"HTTP POST /api/v1/jobs/smart-match returned status 200","method":"POST","responseTimeMs":"110.364","status":"200","timestamp":"2026-07-03 03:01:47","traceId":"f875cd53-80d6-4808-ac80-61d5ed4a3fdc","url":"/api/v1/jobs/smart-match"}
{"contentLength":"36","level":"info","message":"HTTP POST /api/v1/jobs/smart-match returned status 200","method":"POST","responseTimeMs":"109.156","status":"200","timestamp":"2026-07-03 03:01:47","traceId":"222b4a63-253a-4168-abc9-2c5e7cadf53e","url":"/api/v1/jobs/smart-match"}
{"contentLength":"745","level":"info","message":"HTTP POST /api/v1/jobs returned status 201","method":"POST","responseTimeMs":"231.869","status":"201","timestamp":"2026-07-03 03:01:47","traceId":"bc63993c-d529-4e42-aa27-df830dfc9023","url":"/api/v1/jobs"}
{"level":"info","message":"HTTP GET /api/v1/notifications returned status 200","method":"GET","responseTimeMs":"160.595","status":"200","timestamp":"2026-07-03 03:01:48","traceId":"0699e517-3fa5-49d2-86ed-547b9fdc8d1f","url":"/api/v1/notifications"}
{"contentLength":"124","level":"info","message":"HTTP GET /api/v1/health/test-phase3?jobId=6a46d8c3ea3ed3fa43419836 returned status 200","method":"GET","responseTimeMs":"211.326","status":"200","timestamp":"2026-07-03 03:01:48","traceId":"786e0ebf-1367-437e-b583-c7b13d6d166c","url":"/api/v1/health/test-phase3?jobId=6a46d8c3ea3ed3fa43419836"}
{"contentLength":"180","level":"info","message":"HTTP GET /api/v1/health/test-phase4 returned status 200","method":"GET","responseTimeMs":"2627.051","status":"200","timestamp":"2026-07-03 03:01:51","traceId":"d2920dbc-f380-45ec-aad1-993570ac7a94","url":"/api/v1/health/test-phase4"}
{"contentLength":"169","level":"info","message":"HTTP GET /api/v1/health/test-phase5 returned status 200","method":"GET","responseTimeMs":"3871.600","status":"200","timestamp":"2026-07-03 03:01:55","traceId":"0c9dddba-87f6-4f07-afd4-e17e9db1da92","url":"/api/v1/health/test-phase5"}
